mode: atomic
github.com/school-crm/backend/internal/grpc/server/branch.go:21.64,23.2 1 0
github.com/school-crm/backend/internal/grpc/server/branch.go:25.121,27.16 2 0
github.com/school-crm/backend/internal/grpc/server/branch.go:27.16,29.3 1 0
github.com/school-crm/backend/internal/grpc/server/branch.go:31.2,32.29 2 0
github.com/school-crm/backend/internal/grpc/server/branch.go:32.29,34.3 1 0
github.com/school-crm/backend/internal/grpc/server/branch.go:36.2,39.8 1 0
github.com/school-crm/backend/internal/grpc/server/branch.go:42.101,43.18 1 0
github.com/school-crm/backend/internal/grpc/server/branch.go:43.18,45.3 1 0
github.com/school-crm/backend/internal/grpc/server/branch.go:46.2,47.16 2 0
github.com/school-crm/backend/internal/grpc/server/branch.go:47.16,49.3 1 0
github.com/school-crm/backend/internal/grpc/server/branch.go:50.2,50.36 1 0
github.com/school-crm/backend/internal/grpc/server/branch.go:53.107,60.23 2 0
github.com/school-crm/backend/internal/grpc/server/branch.go:60.23,62.3 1 0
github.com/school-crm/backend/internal/grpc/server/branch.go:64.2,65.16 2 0
github.com/school-crm/backend/internal/grpc/server/branch.go:65.16,67.3 1 0
github.com/school-crm/backend/internal/grpc/server/branch.go:68.2,68.36 1 0
github.com/school-crm/backend/internal/grpc/server/branch.go:71.121,72.18 1 0
github.com/school-crm/backend/internal/grpc/server/branch.go:72.18,74.3 1 0
github.com/school-crm/backend/internal/grpc/server/branch.go:75.2,75.50 1 0
github.com/school-crm/backend/internal/grpc/server/branch.go:75.50,77.3 1 0
github.com/school-crm/backend/internal/grpc/server/branch.go:78.2,78.53 1 0
github.com/school-crm/backend/internal/grpc/server/branch.go:82.53,93.22 2 0
github.com/school-crm/backend/internal/grpc/server/branch.go:93.22,95.3 1 0
github.com/school-crm/backend/internal/grpc/server/branch.go:96.2,96.14 1 0
github.com/school-crm/backend/internal/grpc/server/class.go:21.61,23.2 1 0
github.com/school-crm/backend/internal/grpc/server/class.go:25.117,27.16 2 0
github.com/school-crm/backend/internal/grpc/server/class.go:27.16,29.3 1 0
github.com/school-crm/backend/internal/grpc/server/class.go:31.2,32.28 2 0
github.com/school-crm/backend/internal/grpc/server/class.go:32.28,34.3 1 0
github.com/school-crm/backend/internal/grpc/server/class.go:36.2,39.8 1 0
github.com/school-crm/backend/internal/grpc/server/class.go:42.97,43.18 1 0
github.com/school-crm/backend/internal/grpc/server/class.go:43.18,45.3 1 0
github.com/school-crm/backend/internal/grpc/server/class.go:46.2,47.16 2 0
github.com/school-crm/backend/internal/grpc/server/class.go:47.16,49.3 1 0
github.com/school-crm/backend/internal/grpc/server/class.go:50.2,50.35 1 0
github.com/school-crm/backend/internal/grpc/server/class.go:53.103,58.25 2 0
github.com/school-crm/backend/internal/grpc/server/class.go:58.25,60.3 1 0
github.com/school-crm/backend/internal/grpc/server/class.go:62.2,63.16 2 0
github.com/school-crm/backend/internal/grpc/server/class.go:63.16,65.3 1 0
github.com/school-crm/backend/internal/grpc/server/class.go:66.2,66.35 1 0
github.com/school-crm/backend/internal/grpc/server/class.go:69.117,70.18 1 0
github.com/school-crm/backend/internal/grpc/server/class.go:70.18,72.3 1 0
github.com/school-crm/backend/internal/grpc/server/class.go:73.2,73.50 1 0
github.com/school-crm/backend/internal/grpc/server/class.go:73.50,75.3 1 0
github.com/school-crm/backend/internal/grpc/server/class.go:76.2,76.52 1 0
github.com/school-crm/backend/internal/grpc/server/class.go:80.50,88.24 2 0
github.com/school-crm/backend/internal/grpc/server/class.go:88.24,90.3 1 0
github.com/school-crm/backend/internal/grpc/server/class.go:91.2,91.14 1 0
github.com/school-crm/backend/internal/grpc/server/health.go:25.132,32.2 1 2
github.com/school-crm/backend/internal/grpc/server/health.go:35.100,36.23 1 2
github.com/school-crm/backend/internal/grpc/server/health.go:36.23,38.3 1 2
github.com/school-crm/backend/internal/grpc/server/health.go:40.2,44.26 4 0
github.com/school-crm/backend/internal/grpc/server/health.go:44.26,47.3 2 0
github.com/school-crm/backend/internal/grpc/server/health.go:49.2,65.8 2 0
github.com/school-crm/backend/internal/grpc/server/payment.go:23.101,25.2 1 0
github.com/school-crm/backend/internal/grpc/server/payment.go:27.122,30.14 3 0
github.com/school-crm/backend/internal/grpc/server/payment.go:30.14,32.3 1 0
github.com/school-crm/backend/internal/grpc/server/payment.go:33.2,33.32 1 0
github.com/school-crm/backend/internal/grpc/server/payment.go:33.32,35.3 1 0
github.com/school-crm/backend/internal/grpc/server/payment.go:37.2,39.30 3 0
github.com/school-crm/backend/internal/grpc/server/payment.go:39.30,41.17 2 0
github.com/school-crm/backend/internal/grpc/server/payment.go:41.17,43.4 1 0
github.com/school-crm/backend/internal/grpc/server/payment.go:44.3,44.18 1 0
github.com/school-crm/backend/internal/grpc/server/payment.go:44.18,46.4 1 0
github.com/school-crm/backend/internal/grpc/server/payment.go:47.3,47.16 1 0
github.com/school-crm/backend/internal/grpc/server/payment.go:47.16,49.4 1 0
github.com/school-crm/backend/internal/grpc/server/payment.go:52.2,55.16 2 0
github.com/school-crm/backend/internal/grpc/server/payment.go:55.16,57.3 1 0
github.com/school-crm/backend/internal/grpc/server/payment.go:60.2,61.55 2 0
github.com/school-crm/backend/internal/grpc/server/payment.go:61.55,63.3 1 0
github.com/school-crm/backend/internal/grpc/server/payment.go:64.2,67.29 3 0
github.com/school-crm/backend/internal/grpc/server/payment.go:67.29,69.3 1 0
github.com/school-crm/backend/internal/grpc/server/payment.go:71.2,76.8 1 0
github.com/school-crm/backend/internal/grpc/server/payment.go:79.105,80.18 1 0
github.com/school-crm/backend/internal/grpc/server/payment.go:80.18,82.3 1 0
github.com/school-crm/backend/internal/grpc/server/payment.go:83.2,84.16 2 0
github.com/school-crm/backend/internal/grpc/server/payment.go:84.16,86.3 1 0
github.com/school-crm/backend/internal/grpc/server/payment.go:87.2,87.37 1 0
github.com/school-crm/backend/internal/grpc/server/payment.go:90.111,93.16 2 0
github.com/school-crm/backend/internal/grpc/server/payment.go:93.16,95.3 1 0
github.com/school-crm/backend/internal/grpc/server/payment.go:96.2,96.63 1 0
github.com/school-crm/backend/internal/grpc/server/payment.go:96.63,99.3 1 0
github.com/school-crm/backend/internal/grpc/server/payment.go:101.2,111.21 2 0
github.com/school-crm/backend/internal/grpc/server/payment.go:111.21,113.3 1 0
github.com/school-crm/backend/internal/grpc/server/payment.go:115.2,116.16 2 0
github.com/school-crm/backend/internal/grpc/server/payment.go:116.16,118.3 1 0
github.com/school-crm/backend/internal/grpc/server/payment.go:119.2,119.37 1 0
github.com/school-crm/backend/internal/grpc/server/payment.go:122.125,123.18 1 0
github.com/school-crm/backend/internal/grpc/server/payment.go:123.18,125.3 1 0
github.com/school-crm/backend/internal/grpc/server/payment.go:126.2,126.50 1 0
github.com/school-crm/backend/internal/grpc/server/payment.go:126.50,128.3 1 0
github.com/school-crm/backend/internal/grpc/server/payment.go:129.2,129.54 1 0
github.com/school-crm/backend/internal/grpc/server/payment.go:136.56,149.20 2 1
github.com/school-crm/backend/internal/grpc/server/payment.go:149.20,151.3 1 1
github.com/school-crm/backend/internal/grpc/server/payment.go:152.2,152.24 1 1
github.com/school-crm/backend/internal/grpc/server/payment.go:152.24,154.3 1 1
github.com/school-crm/backend/internal/grpc/server/payment.go:155.2,155.23 1 1
github.com/school-crm/backend/internal/grpc/server/payment.go:155.23,157.3 1 0
github.com/school-crm/backend/internal/grpc/server/payment.go:158.2,158.14 1 1
github.com/school-crm/backend/internal/grpc/server/student.go:21.67,23.2 1 0
github.com/school-crm/backend/internal/grpc/server/student.go:25.122,28.14 3 0
github.com/school-crm/backend/internal/grpc/server/student.go:28.14,30.3 1 0
github.com/school-crm/backend/internal/grpc/server/student.go:31.2,31.31 1 0
github.com/school-crm/backend/internal/grpc/server/student.go:31.31,33.3 1 0
github.com/school-crm/backend/internal/grpc/server/student.go:35.2,36.16 2 0
github.com/school-crm/backend/internal/grpc/server/student.go:36.16,38.3 1 0
github.com/school-crm/backend/internal/grpc/server/student.go:40.2,41.30 2 0
github.com/school-crm/backend/internal/grpc/server/student.go:41.30,43.3 1 0
github.com/school-crm/backend/internal/grpc/server/student.go:45.2,50.8 1 0
github.com/school-crm/backend/internal/grpc/server/student.go:53.105,54.18 1 0
github.com/school-crm/backend/internal/grpc/server/student.go:54.18,56.3 1 0
github.com/school-crm/backend/internal/grpc/server/student.go:57.2,58.16 2 0
github.com/school-crm/backend/internal/grpc/server/student.go:58.16,60.3 1 0
github.com/school-crm/backend/internal/grpc/server/student.go:61.2,61.38 1 0
github.com/school-crm/backend/internal/grpc/server/student.go:64.111,71.23 2 0
github.com/school-crm/backend/internal/grpc/server/student.go:71.23,73.3 1 0
github.com/school-crm/backend/internal/grpc/server/student.go:74.2,74.21 1 0
github.com/school-crm/backend/internal/grpc/server/student.go:74.21,76.3 1 0
github.com/school-crm/backend/internal/grpc/server/student.go:77.2,77.27 1 0
github.com/school-crm/backend/internal/grpc/server/student.go:77.27,79.3 1 0
github.com/school-crm/backend/internal/grpc/server/student.go:81.2,82.16 2 0
github.com/school-crm/backend/internal/grpc/server/student.go:82.16,84.3 1 0
github.com/school-crm/backend/internal/grpc/server/student.go:85.2,85.38 1 0
github.com/school-crm/backend/internal/grpc/server/student.go:88.111,89.18 1 0
github.com/school-crm/backend/internal/grpc/server/student.go:89.18,91.3 1 0
github.com/school-crm/backend/internal/grpc/server/student.go:92.2,93.24 2 0
github.com/school-crm/backend/internal/grpc/server/student.go:93.24,95.3 1 0
github.com/school-crm/backend/internal/grpc/server/student.go:96.2,96.23 1 0
github.com/school-crm/backend/internal/grpc/server/student.go:96.23,98.3 1 0
github.com/school-crm/backend/internal/grpc/server/student.go:99.2,99.21 1 0
github.com/school-crm/backend/internal/grpc/server/student.go:99.21,101.3 1 0
github.com/school-crm/backend/internal/grpc/server/student.go:102.2,102.27 1 0
github.com/school-crm/backend/internal/grpc/server/student.go:102.27,104.3 1 0
github.com/school-crm/backend/internal/grpc/server/student.go:105.2,105.28 1 0
github.com/school-crm/backend/internal/grpc/server/student.go:105.28,107.3 1 0
github.com/school-crm/backend/internal/grpc/server/student.go:108.2,108.22 1 0
github.com/school-crm/backend/internal/grpc/server/student.go:108.22,110.3 1 0
github.com/school-crm/backend/internal/grpc/server/student.go:112.2,113.16 2 0
github.com/school-crm/backend/internal/grpc/server/student.go:113.16,115.3 1 0
github.com/school-crm/backend/internal/grpc/server/student.go:116.2,116.38 1 0
github.com/school-crm/backend/internal/grpc/server/student.go:119.125,120.18 1 0
github.com/school-crm/backend/internal/grpc/server/student.go:120.18,122.3 1 0
github.com/school-crm/backend/internal/grpc/server/student.go:123.2,123.50 1 0
github.com/school-crm/backend/internal/grpc/server/student.go:123.50,125.3 1 0
github.com/school-crm/backend/internal/grpc/server/student.go:126.2,126.54 1 0
github.com/school-crm/backend/internal/grpc/server/student.go:133.57,146.30 2 1
github.com/school-crm/backend/internal/grpc/server/student.go:146.30,148.3 1 0
github.com/school-crm/backend/internal/grpc/server/student.go:149.2,149.24 1 1
github.com/school-crm/backend/internal/grpc/server/student.go:149.24,151.3 1 0
github.com/school-crm/backend/internal/grpc/server/student.go:152.2,152.10 1 1
github.com/school-crm/backend/internal/utils/convert.go:11.35,13.22 2 12
github.com/school-crm/backend/internal/utils/convert.go:13.22,14.34 1 89
github.com/school-crm/backend/internal/utils/convert.go:14.34,17.4 2 11
github.com/school-crm/backend/internal/utils/convert.go:17.9,19.4 1 78
github.com/school-crm/backend/internal/utils/convert.go:21.2,21.24 1 12
github.com/school-crm/backend/internal/utils/convert.go:25.84,27.34 2 2
github.com/school-crm/backend/internal/utils/convert.go:27.34,29.3 1 3
github.com/school-crm/backend/internal/utils/convert.go:30.2,30.18 1 2
github.com/school-crm/backend/internal/utils/convert.go:34.31,36.16 2 2
github.com/school-crm/backend/internal/utils/convert.go:36.16,39.3 1 0
github.com/school-crm/backend/internal/utils/convert.go:40.2,40.27 1 2
github.com/school-crm/backend/internal/utils/email.go:19.55,24.2 1 0
github.com/school-crm/backend/internal/utils/email.go:27.59,64.2 3 0
github.com/school-crm/backend/internal/utils/email.go:67.87,104.2 3 0
github.com/school-crm/backend/internal/utils/email.go:107.66,108.21 1 0
github.com/school-crm/backend/internal/utils/email.go:108.21,110.3 1 0
github.com/school-crm/backend/internal/utils/email.go:113.2,121.16 3 0
github.com/school-crm/backend/internal/utils/email.go:121.16,124.3 2 0
github.com/school-crm/backend/internal/utils/email.go:127.2,128.16 2 0
github.com/school-crm/backend/internal/utils/email.go:128.16,131.3 2 0
github.com/school-crm/backend/internal/utils/email.go:134.2,141.16 6 0
github.com/school-crm/backend/internal/utils/email.go:141.16,144.3 2 0
github.com/school-crm/backend/internal/utils/email.go:145.2,149.16 3 0
github.com/school-crm/backend/internal/utils/email.go:149.16,152.3 2 0
github.com/school-crm/backend/internal/utils/email.go:155.2,155.53 1 0
github.com/school-crm/backend/internal/utils/email.go:155.53,158.3 2 0
github.com/school-crm/backend/internal/utils/email.go:160.2,161.12 2 0
github.com/school-crm/backend/internal/utils/email.go:165.38,167.2 1 0
github.com/school-crm/backend/internal/utils/redis.go:18.60,20.16 2 0
github.com/school-crm/backend/internal/utils/redis.go:20.16,22.3 1 0
github.com/school-crm/backend/internal/utils/redis.go:24.2,29.47 4 0
github.com/school-crm/backend/internal/utils/redis.go:29.47,31.3 1 0
github.com/school-crm/backend/internal/utils/redis.go:33.2,34.42 2 0
github.com/school-crm/backend/internal/utils/redis.go:38.27,41.2 2 0
github.com/school-crm/backend/internal/utils/redis.go:44.77,47.2 2 0
github.com/school-crm/backend/internal/utils/redis.go:50.82,53.2 2 0
github.com/school-crm/backend/internal/utils/redis.go:56.75,59.2 2 0
github.com/school-crm/backend/internal/utils/redis.go:62.89,65.2 2 0
github.com/school-crm/backend/internal/utils/redis.go:68.92,71.2 2 0
github.com/school-crm/backend/internal/utils/redis.go:74.85,77.2 2 0
github.com/school-crm/backend/internal/utils/redis.go:80.50,82.2 1 0
github.com/school-crm/backend/internal/utils/redis.go:85.38,87.2 1 0
github.com/school-crm/backend/internal/middleware/audit.go:19.51,22.21 2 0
github.com/school-crm/backend/internal/middleware/audit.go:22.21,25.3 1 0
github.com/school-crm/backend/internal/middleware/audit.go:28.2,42.40 4 0
github.com/school-crm/backend/internal/middleware/audit.go:42.40,44.3 1 0
github.com/school-crm/backend/internal/middleware/audit.go:45.2,45.18 1 0
github.com/school-crm/backend/internal/middleware/audit.go:50.46,52.23 2 0
github.com/school-crm/backend/internal/middleware/audit.go:52.23,54.3 1 0
github.com/school-crm/backend/internal/middleware/audit.go:55.2,55.32 1 0
github.com/school-crm/backend/internal/middleware/audit.go:64.60,67.2 2 0
github.com/school-crm/backend/internal/middleware/audit.go:72.61,73.30 1 0
github.com/school-crm/backend/internal/middleware/audit.go:73.30,75.65 2 0
github.com/school-crm/backend/internal/middleware/audit.go:75.65,78.4 2 0
github.com/school-crm/backend/internal/middleware/audit.go:80.3,82.10 3 0
github.com/school-crm/backend/internal/middleware/audit.go:82.10,85.4 2 0
github.com/school-crm/backend/internal/middleware/audit.go:88.3,89.23 2 0
github.com/school-crm/backend/internal/middleware/audit.go:89.23,92.4 2 0
github.com/school-crm/backend/internal/middleware/audit.go:94.3,97.35 3 0
github.com/school-crm/backend/internal/middleware/audit.go:97.35,99.4 1 0
github.com/school-crm/backend/internal/middleware/audit.go:102.3,103.17 2 0
github.com/school-crm/backend/internal/middleware/audit.go:104.15,105.21 1 0
github.com/school-crm/backend/internal/middleware/audit.go:106.23,107.21 1 0
github.com/school-crm/backend/internal/middleware/audit.go:108.17,109.21 1 0
github.com/school-crm/backend/internal/middleware/audit.go:110.11,111.10 1 0
github.com/school-crm/backend/internal/middleware/audit.go:115.3,116.37 2 0
github.com/school-crm/backend/internal/middleware/audit.go:116.37,119.66 2 0
github.com/school-crm/backend/internal/middleware/audit.go:119.66,120.46 1 0
github.com/school-crm/backend/internal/middleware/audit.go:120.46,121.71 1 0
github.com/school-crm/backend/internal/middleware/audit.go:121.71,123.12 2 0
github.com/school-crm/backend/internal/middleware/audit.go:130.3,138.23 7 0
github.com/school-crm/backend/internal/middleware/audit.go:138.23,140.4 1 0
github.com/school-crm/backend/internal/middleware/audit.go:143.3,143.13 1 0
github.com/school-crm/backend/internal/middleware/audit.go:143.13,145.23 2 0
github.com/school-crm/backend/internal/middleware/audit.go:145.23,147.5 1 0
github.com/school-crm/backend/internal/middleware/audit.go:148.4,148.25 1 0
github.com/school-crm/backend/internal/middleware/audit.go:148.25,150.5 1 0
github.com/school-crm/backend/internal/middleware/audit.go:151.4,152.24 2 0
github.com/school-crm/backend/internal/middleware/audit.go:152.24,154.5 1 0
github.com/school-crm/backend/internal/middleware/audit.go:155.4,160.18 2 0
github.com/school-crm/backend/internal/middleware/audit.go:160.18,162.5 1 0
github.com/school-crm/backend/internal/middleware/auth.go:17.55,18.30 1 7
github.com/school-crm/backend/internal/middleware/auth.go:18.30,20.23 2 7
github.com/school-crm/backend/internal/middleware/auth.go:20.23,24.4 3 1
github.com/school-crm/backend/internal/middleware/auth.go:26.3,27.46 2 6
github.com/school-crm/backend/internal/middleware/auth.go:27.46,31.4 3 1
github.com/school-crm/backend/internal/middleware/auth.go:33.3,36.102 3 5
github.com/school-crm/backend/internal/middleware/auth.go:36.102,38.4 1 4
github.com/school-crm/backend/internal/middleware/auth.go:40.3,40.33 1 5
github.com/school-crm/backend/internal/middleware/auth.go:40.33,44.4 3 3
github.com/school-crm/backend/internal/middleware/auth.go:46.3,51.21 4 2
github.com/school-crm/backend/internal/middleware/auth.go:51.21,53.4 1 1
github.com/school-crm/backend/internal/middleware/auth.go:55.3,55.11 1 2
github.com/school-crm/backend/internal/middleware/auth.go:59.48,61.13 2 2
github.com/school-crm/backend/internal/middleware/auth.go:61.13,63.3 1 1
github.com/school-crm/backend/internal/middleware/auth.go:65.2,66.9 2 1
github.com/school-crm/backend/internal/middleware/auth.go:66.9,68.3 1 0
github.com/school-crm/backend/internal/middleware/auth.go:70.2,70.16 1 1
github.com/school-crm/backend/internal/middleware/branch_access.go:28.73,30.2 1 2
github.com/school-crm/backend/internal/middleware/branch_access.go:34.69,37.2 2 4
github.com/school-crm/backend/internal/middleware/branch_access.go:40.53,42.13 2 2
github.com/school-crm/backend/internal/middleware/branch_access.go:42.13,44.3 1 1
github.com/school-crm/backend/internal/middleware/branch_access.go:45.2,46.15 2 1
github.com/school-crm/backend/internal/middleware/branch_access.go:65.75,66.30 1 0
github.com/school-crm/backend/internal/middleware/branch_access.go:66.30,68.21 2 0
github.com/school-crm/backend/internal/middleware/branch_access.go:68.21,73.4 2 0
github.com/school-crm/backend/internal/middleware/branch_access.go:75.3,76.17 2 0
github.com/school-crm/backend/internal/middleware/branch_access.go:76.17,80.4 3 0
github.com/school-crm/backend/internal/middleware/branch_access.go:82.3,83.17 2 0
github.com/school-crm/backend/internal/middleware/branch_access.go:83.17,89.4 4 0
github.com/school-crm/backend/internal/middleware/branch_access.go:90.3,90.10 1 0
github.com/school-crm/backend/internal/middleware/branch_access.go:90.10,95.4 4 0
github.com/school-crm/backend/internal/middleware/branch_access.go:97.3,107.11 5 0
github.com/school-crm/backend/internal/middleware/cors.go:7.39,8.30 1 0
github.com/school-crm/backend/internal/middleware/cors.go:8.30,10.19 2 0
github.com/school-crm/backend/internal/middleware/cors.go:10.19,12.4 1 0
github.com/school-crm/backend/internal/middleware/cors.go:12.9,14.4 1 0
github.com/school-crm/backend/internal/middleware/cors.go:15.3,22.36 7 0
github.com/school-crm/backend/internal/middleware/cors.go:22.36,25.4 2 0
github.com/school-crm/backend/internal/middleware/cors.go:27.3,27.11 1 0
github.com/school-crm/backend/internal/middleware/dev_auth.go:13.58,14.30 1 0
github.com/school-crm/backend/internal/middleware/dev_auth.go:14.30,16.23 2 0
github.com/school-crm/backend/internal/middleware/dev_auth.go:16.23,20.4 3 0
github.com/school-crm/backend/internal/middleware/dev_auth.go:22.3,23.46 2 0
github.com/school-crm/backend/internal/middleware/dev_auth.go:23.46,27.4 3 0
github.com/school-crm/backend/internal/middleware/dev_auth.go:29.3,29.77 1 0
github.com/school-crm/backend/internal/middleware/dev_auth.go:29.77,31.4 1 0
github.com/school-crm/backend/internal/middleware/dev_auth.go:32.3,32.33 1 0
github.com/school-crm/backend/internal/middleware/dev_auth.go:32.33,36.4 3 0
github.com/school-crm/backend/internal/middleware/dev_auth.go:38.3,39.10 2 0
github.com/school-crm/backend/internal/middleware/dev_auth.go:39.10,43.4 3 0
github.com/school-crm/backend/internal/middleware/dev_auth.go:45.3,46.31 2 0
github.com/school-crm/backend/internal/middleware/dev_auth.go:46.31,50.4 3 0
github.com/school-crm/backend/internal/middleware/dev_auth.go:52.3,53.24 2 0
github.com/school-crm/backend/internal/middleware/dev_auth.go:53.24,57.4 3 0
github.com/school-crm/backend/internal/middleware/dev_auth.go:59.3,60.11 2 0
github.com/school-crm/backend/internal/middleware/error.go:9.38,10.30 1 0
github.com/school-crm/backend/internal/middleware/error.go:10.30,13.24 2 0
github.com/school-crm/backend/internal/middleware/error.go:13.24,14.33 1 0
github.com/school-crm/backend/internal/middleware/error.go:14.33,15.21 1 0
github.com/school-crm/backend/internal/middleware/error.go:16.28,17.64 1 0
github.com/school-crm/backend/internal/middleware/error.go:18.30,19.73 1 0
github.com/school-crm/backend/internal/middleware/logger.go:16.41,19.25 3 0
github.com/school-crm/backend/internal/middleware/logger.go:19.25,21.3 1 0
github.com/school-crm/backend/internal/middleware/logger.go:21.8,23.3 1 0
github.com/school-crm/backend/internal/middleware/logger.go:24.2,24.26 1 0
github.com/school-crm/backend/internal/middleware/logger.go:31.60,32.30 1 0
github.com/school-crm/backend/internal/middleware/logger.go:32.30,38.49 4 0
github.com/school-crm/backend/internal/middleware/logger.go:38.49,41.4 2 0
github.com/school-crm/backend/internal/middleware/logger.go:43.3,52.18 8 0
github.com/school-crm/backend/internal/middleware/logger.go:52.18,54.4 1 0
github.com/school-crm/backend/internal/middleware/logger.go:56.3,67.10 2 0
github.com/school-crm/backend/internal/middleware/logger.go:68.22,70.20 2 0
github.com/school-crm/backend/internal/middleware/logger.go:70.20,72.5 1 0
github.com/school-crm/backend/internal/middleware/logger.go:73.4,78.5 1 0
github.com/school-crm/backend/internal/middleware/logger.go:79.39,80.41 1 0
github.com/school-crm/backend/internal/middleware/logger.go:81.22,82.41 1 0
github.com/school-crm/backend/internal/middleware/logger.go:83.11,84.36 1 0
github.com/school-crm/backend/internal/middleware/logger.go:89.29,90.14 1 0
github.com/school-crm/backend/internal/middleware/logger.go:90.14,92.3 1 0
github.com/school-crm/backend/internal/middleware/logger.go:93.2,93.29 1 0
github.com/school-crm/backend/internal/middleware/logger.go:93.29,95.3 1 0
github.com/school-crm/backend/internal/middleware/logger.go:96.2,96.11 1 0
github.com/school-crm/backend/internal/middleware/permission.go:13.101,14.30 1 0
github.com/school-crm/backend/internal/middleware/permission.go:14.30,16.17 2 0
github.com/school-crm/backend/internal/middleware/permission.go:16.17,21.4 4 0
github.com/school-crm/backend/internal/middleware/permission.go:23.3,24.17 2 0
github.com/school-crm/backend/internal/middleware/permission.go:24.17,29.4 4 0
github.com/school-crm/backend/internal/middleware/permission.go:31.3,31.18 1 0
github.com/school-crm/backend/internal/middleware/permission.go:31.18,36.4 4 0
github.com/school-crm/backend/internal/middleware/permission.go:38.3,41.36 2 0
github.com/school-crm/backend/internal/middleware/permission.go:41.36,45.4 3 0
github.com/school-crm/backend/internal/middleware/permission.go:48.3,48.42 1 0
github.com/school-crm/backend/internal/middleware/permission.go:48.42,52.4 3 0
github.com/school-crm/backend/internal/middleware/permission.go:55.3,55.30 1 0
github.com/school-crm/backend/internal/middleware/permission.go:55.30,59.18 4 0
github.com/school-crm/backend/internal/middleware/permission.go:59.18,63.5 2 0
github.com/school-crm/backend/internal/middleware/permission.go:63.10,66.5 2 0
github.com/school-crm/backend/internal/middleware/permission.go:70.3,70.30 1 0
github.com/school-crm/backend/internal/middleware/permission.go:70.30,73.4 2 0
github.com/school-crm/backend/internal/middleware/permission.go:76.3,79.21 3 0
github.com/school-crm/backend/internal/middleware/permission.go:79.21,84.4 4 0
github.com/school-crm/backend/internal/middleware/permission.go:86.3,87.11 2 0
github.com/school-crm/backend/internal/middleware/permission.go:92.72,93.18 1 0
github.com/school-crm/backend/internal/middleware/permission.go:93.18,95.3 1 0
github.com/school-crm/backend/internal/middleware/permission.go:97.2,97.20 1 0
github.com/school-crm/backend/internal/middleware/permission.go:98.25,99.31 1 0
github.com/school-crm/backend/internal/middleware/permission.go:100.27,101.33 1 0
github.com/school-crm/backend/internal/middleware/permission.go:102.25,103.31 1 0
github.com/school-crm/backend/internal/middleware/permission.go:104.27,105.33 1 0
github.com/school-crm/backend/internal/middleware/permission.go:106.25,107.31 1 0
github.com/school-crm/backend/internal/middleware/permission.go:108.27,109.33 1 0
github.com/school-crm/backend/internal/middleware/permission.go:110.25,111.31 1 0
github.com/school-crm/backend/internal/middleware/permission.go:112.27,113.33 1 0
github.com/school-crm/backend/internal/middleware/permission.go:114.24,115.30 1 0
github.com/school-crm/backend/internal/middleware/permission.go:116.26,117.32 1 0
github.com/school-crm/backend/internal/middleware/permission.go:118.24,119.30 1 0
github.com/school-crm/backend/internal/middleware/permission.go:120.26,121.32 1 0
github.com/school-crm/backend/internal/middleware/permission.go:122.25,123.31 1 0
github.com/school-crm/backend/internal/middleware/permission.go:124.27,125.33 1 0
github.com/school-crm/backend/internal/middleware/permission.go:126.25,127.31 1 0
github.com/school-crm/backend/internal/middleware/permission.go:128.25,129.31 1 0
github.com/school-crm/backend/internal/middleware/permission.go:130.27,131.33 1 0
github.com/school-crm/backend/internal/middleware/permission.go:132.25,133.31 1 0
github.com/school-crm/backend/internal/middleware/permission.go:134.25,135.31 1 0
github.com/school-crm/backend/internal/middleware/permission.go:136.27,137.33 1 0
github.com/school-crm/backend/internal/middleware/permission.go:138.25,139.31 1 0
github.com/school-crm/backend/internal/middleware/permission.go:140.27,141.33 1 0
github.com/school-crm/backend/internal/middleware/permission.go:142.24,143.30 1 0
github.com/school-crm/backend/internal/middleware/permission.go:144.25,145.31 1 0
github.com/school-crm/backend/internal/middleware/permission.go:146.25,147.31 1 0
github.com/school-crm/backend/internal/middleware/permission.go:148.10,149.15 1 0
github.com/school-crm/backend/internal/middleware/permission.go:154.102,155.30 1 0
github.com/school-crm/backend/internal/middleware/permission.go:155.30,157.17 2 0
github.com/school-crm/backend/internal/middleware/permission.go:157.17,162.4 4 0
github.com/school-crm/backend/internal/middleware/permission.go:164.3,165.32 2 0
github.com/school-crm/backend/internal/middleware/permission.go:165.32,170.4 4 0
github.com/school-crm/backend/internal/middleware/permission.go:173.3,174.38 2 0
github.com/school-crm/backend/internal/middleware/permission.go:174.38,175.25 1 0
github.com/school-crm/backend/internal/middleware/permission.go:175.25,177.10 2 0
github.com/school-crm/backend/internal/middleware/permission.go:181.3,181.15 1 0
github.com/school-crm/backend/internal/middleware/permission.go:181.15,186.4 4 0
github.com/school-crm/backend/internal/middleware/permission.go:188.3,189.11 2 0
github.com/school-crm/backend/internal/middleware/permission.go:194.93,196.16 2 0
github.com/school-crm/backend/internal/middleware/permission.go:196.16,198.3 1 0
github.com/school-crm/backend/internal/middleware/permission.go:199.2,200.31 2 0
github.com/school-crm/backend/internal/middleware/permission.go:200.31,202.3 1 0
github.com/school-crm/backend/internal/middleware/permission.go:203.2,203.23 1 0
github.com/school-crm/backend/internal/middleware/permission.go:210.75,211.14 1 10
github.com/school-crm/backend/internal/middleware/permission.go:212.24,239.4 1 3
github.com/school-crm/backend/internal/middleware/permission.go:240.50,267.4 1 2
github.com/school-crm/backend/internal/middleware/permission.go:268.29,295.4 1 1
github.com/school-crm/backend/internal/middleware/permission.go:296.10,298.30 1 4
github.com/school-crm/backend/internal/middleware/ratelimit.go:21.53,23.2 1 0
github.com/school-crm/backend/internal/middleware/ratelimit.go:27.115,35.16 7 0
github.com/school-crm/backend/internal/middleware/ratelimit.go:35.16,38.3 1 0
github.com/school-crm/backend/internal/middleware/ratelimit.go:40.2,41.44 2 0
github.com/school-crm/backend/internal/middleware/ratelimit.go:45.50,49.2 3 0
github.com/school-crm/backend/internal/middleware/ratelimit.go:53.78,54.30 1 0
github.com/school-crm/backend/internal/middleware/ratelimit.go:54.30,62.15 6 0
github.com/school-crm/backend/internal/middleware/ratelimit.go:62.15,71.4 4 0
github.com/school-crm/backend/internal/middleware/ratelimit.go:72.3,72.11 1 0
github.com/school-crm/backend/internal/middleware/ratelimit.go:79.80,80.30 1 0
github.com/school-crm/backend/internal/middleware/ratelimit.go:80.30,82.49 2 0
github.com/school-crm/backend/internal/middleware/ratelimit.go:82.49,83.51 1 0
github.com/school-crm/backend/internal/middleware/ratelimit.go:83.51,85.5 1 0
github.com/school-crm/backend/internal/middleware/ratelimit.go:88.3,94.15 5 0
github.com/school-crm/backend/internal/middleware/ratelimit.go:94.15,103.4 4 0
github.com/school-crm/backend/internal/middleware/ratelimit.go:104.3,104.11 1 0
github.com/school-crm/backend/internal/middleware/requestid.go:17.34,18.30 1 3
github.com/school-crm/backend/internal/middleware/requestid.go:18.30,21.16 2 4
github.com/school-crm/backend/internal/middleware/requestid.go:21.16,23.4 1 3
github.com/school-crm/backend/internal/middleware/requestid.go:25.3,30.11 4 4
github.com/school-crm/backend/internal/middleware/requestid.go:35.47,36.51 1 2
github.com/school-crm/backend/internal/middleware/requestid.go:36.51,38.3 1 1
github.com/school-crm/backend/internal/middleware/requestid.go:39.2,39.11 1 1
github.com/school-crm/backend/internal/middleware/subscription.go:28.106,29.30 1 0
github.com/school-crm/backend/internal/middleware/subscription.go:29.30,31.17 2 0
github.com/school-crm/backend/internal/middleware/subscription.go:31.17,35.4 3 0
github.com/school-crm/backend/internal/middleware/subscription.go:37.3,38.32 2 0
github.com/school-crm/backend/internal/middleware/subscription.go:38.32,42.4 3 0
github.com/school-crm/backend/internal/middleware/subscription.go:46.3,47.36 2 0
github.com/school-crm/backend/internal/middleware/subscription.go:47.36,49.35 2 0
github.com/school-crm/backend/internal/middleware/subscription.go:49.35,51.5 1 0
github.com/school-crm/backend/internal/middleware/subscription.go:54.3,55.17 2 0
github.com/school-crm/backend/internal/middleware/subscription.go:55.17,60.4 3 0
github.com/school-crm/backend/internal/middleware/subscription.go:62.3,62.14 1 0
github.com/school-crm/backend/internal/middleware/subscription.go:62.14,69.4 3 0
github.com/school-crm/backend/internal/middleware/subscription.go:71.3,71.11 1 0
github.com/school-crm/backend/internal/middleware/subscription.go:78.113,80.2 1 0
github.com/school-crm/backend/internal/middleware/timeout.go:16.60,17.30 1 0
github.com/school-crm/backend/internal/middleware/timeout.go:17.30,22.3 4 0
github.com/school-crm/backend/internal/service/assignment_service.go:17.69,19.2 1 0
github.com/school-crm/backend/internal/service/assignment_service.go:21.118,34.19 3 0
github.com/school-crm/backend/internal/service/assignment_service.go:34.19,37.3 2 0
github.com/school-crm/backend/internal/service/assignment_service.go:38.2,41.16 3 0
github.com/school-crm/backend/internal/service/assignment_service.go:41.16,43.3 1 0
github.com/school-crm/backend/internal/service/assignment_service.go:44.2,47.18 3 0
github.com/school-crm/backend/internal/service/assignment_service.go:47.18,53.17 2 0
github.com/school-crm/backend/internal/service/assignment_service.go:53.17,55.4 1 0
github.com/school-crm/backend/internal/service/assignment_service.go:56.3,56.25 1 0
github.com/school-crm/backend/internal/service/assignment_service.go:58.2,58.17 1 0
github.com/school-crm/backend/internal/service/assignment_service.go:58.17,60.3 1 0
github.com/school-crm/backend/internal/service/assignment_service.go:61.2,61.25 1 0
github.com/school-crm/backend/internal/service/assignment_service.go:64.142,76.16 5 0
github.com/school-crm/backend/internal/service/assignment_service.go:76.16,78.3 1 0
github.com/school-crm/backend/internal/service/assignment_service.go:81.2,88.16 2 0
github.com/school-crm/backend/internal/service/assignment_service.go:88.16,90.3 1 0
github.com/school-crm/backend/internal/service/assignment_service.go:91.2,91.16 1 0
github.com/school-crm/backend/internal/service/assignment_service.go:94.84,97.16 2 0
github.com/school-crm/backend/internal/service/assignment_service.go:97.16,99.3 1 0
github.com/school-crm/backend/internal/service/assignment_service.go:100.2,101.12 2 0
github.com/school-crm/backend/internal/service/assignment_service.go:101.12,103.3 1 0
github.com/school-crm/backend/internal/service/assignment_service.go:104.2,104.12 1 0
github.com/school-crm/backend/internal/service/assignment_service.go:107.125,117.16 2 0
github.com/school-crm/backend/internal/service/assignment_service.go:117.16,119.3 1 0
github.com/school-crm/backend/internal/service/assignment_service.go:120.2,123.18 3 0
github.com/school-crm/backend/internal/service/assignment_service.go:123.18,129.17 2 0
github.com/school-crm/backend/internal/service/assignment_service.go:129.17,131.4 1 0
github.com/school-crm/backend/internal/service/assignment_service.go:132.3,132.27 1 0
github.com/school-crm/backend/internal/service/assignment_service.go:134.2,134.17 1 0
github.com/school-crm/backend/internal/service/assignment_service.go:134.17,136.3 1 0
github.com/school-crm/backend/internal/service/assignment_service.go:137.2,137.25 1 0
github.com/school-crm/backend/internal/service/assignment_service.go:140.182,144.22 3 0
github.com/school-crm/backend/internal/service/assignment_service.go:144.22,146.3 1 0
github.com/school-crm/backend/internal/service/assignment_service.go:148.2,149.55 2 0
github.com/school-crm/backend/internal/service/assignment_service.go:149.55,151.3 1 0
github.com/school-crm/backend/internal/service/assignment_service.go:153.2,166.16 3 0
github.com/school-crm/backend/internal/service/assignment_service.go:166.16,168.3 1 0
github.com/school-crm/backend/internal/service/assignment_service.go:169.2,169.18 1 0
github.com/school-crm/backend/internal/service/assignment_service.go:173.136,183.16 2 0
github.com/school-crm/backend/internal/service/assignment_service.go:183.16,185.3 1 0
github.com/school-crm/backend/internal/service/assignment_service.go:186.2,189.18 3 0
github.com/school-crm/backend/internal/service/assignment_service.go:189.18,195.17 2 0
github.com/school-crm/backend/internal/service/assignment_service.go:195.17,197.4 1 0
github.com/school-crm/backend/internal/service/assignment_service.go:198.3,198.27 1 0
github.com/school-crm/backend/internal/service/assignment_service.go:200.2,200.17 1 0
github.com/school-crm/backend/internal/service/assignment_service.go:200.17,202.3 1 0
github.com/school-crm/backend/internal/service/assignment_service.go:203.2,203.25 1 0
github.com/school-crm/backend/internal/service/attendance_service.go:17.69,19.2 1 0
github.com/school-crm/backend/internal/service/attendance_service.go:23.137,25.16 2 0
github.com/school-crm/backend/internal/service/attendance_service.go:25.16,27.3 1 0
github.com/school-crm/backend/internal/service/attendance_service.go:28.2,28.15 1 0
github.com/school-crm/backend/internal/service/attendance_service.go:28.15,28.36 1 0
github.com/school-crm/backend/internal/service/attendance_service.go:30.2,33.34 3 0
github.com/school-crm/backend/internal/service/attendance_service.go:33.34,50.17 4 0
github.com/school-crm/backend/internal/service/attendance_service.go:50.17,52.4 1 0
github.com/school-crm/backend/internal/service/attendance_service.go:53.3,53.29 1 0
github.com/school-crm/backend/internal/service/attendance_service.go:56.2,56.36 1 0
github.com/school-crm/backend/internal/service/attendance_service.go:56.36,58.3 1 0
github.com/school-crm/backend/internal/service/attendance_service.go:59.2,59.20 1 0
github.com/school-crm/backend/internal/service/attendance_service.go:64.119,75.16 2 0
github.com/school-crm/backend/internal/service/attendance_service.go:75.16,77.3 1 0
github.com/school-crm/backend/internal/service/attendance_service.go:78.2,81.18 3 0
github.com/school-crm/backend/internal/service/attendance_service.go:81.18,87.17 2 0
github.com/school-crm/backend/internal/service/attendance_service.go:87.17,89.4 1 0
github.com/school-crm/backend/internal/service/attendance_service.go:90.3,90.31 1 0
github.com/school-crm/backend/internal/service/attendance_service.go:92.2,92.28 1 0
github.com/school-crm/backend/internal/service/attendance_service.go:96.153,113.16 2 0
github.com/school-crm/backend/internal/service/attendance_service.go:113.16,115.3 1 0
github.com/school-crm/backend/internal/service/attendance_service.go:116.2,119.18 3 0
github.com/school-crm/backend/internal/service/attendance_service.go:119.18,121.107 2 0
github.com/school-crm/backend/internal/service/attendance_service.go:121.107,123.4 1 0
github.com/school-crm/backend/internal/service/attendance_service.go:124.3,124.18 1 0
github.com/school-crm/backend/internal/service/attendance_service.go:124.18,126.4 1 0
github.com/school-crm/backend/internal/service/attendance_service.go:127.3,127.35 1 0
github.com/school-crm/backend/internal/service/attendance_service.go:129.2,129.30 1 0
github.com/school-crm/backend/internal/service/attendance_service.go:134.127,144.14 3 0
github.com/school-crm/backend/internal/service/attendance_service.go:144.14,147.3 2 0
github.com/school-crm/backend/internal/service/attendance_service.go:148.2,148.15 1 0
github.com/school-crm/backend/internal/service/attendance_service.go:148.15,151.3 2 0
github.com/school-crm/backend/internal/service/attendance_service.go:152.2,155.16 3 0
github.com/school-crm/backend/internal/service/attendance_service.go:155.16,157.3 1 0
github.com/school-crm/backend/internal/service/attendance_service.go:158.2,161.18 3 0
github.com/school-crm/backend/internal/service/attendance_service.go:161.18,167.17 2 0
github.com/school-crm/backend/internal/service/attendance_service.go:167.17,169.4 1 0
github.com/school-crm/backend/internal/service/attendance_service.go:170.3,170.31 1 0
github.com/school-crm/backend/internal/service/attendance_service.go:172.2,172.20 1 0
github.com/school-crm/backend/internal/service/attendance_service.go:172.20,174.3 1 0
github.com/school-crm/backend/internal/service/attendance_service.go:175.2,175.28 1 0
github.com/school-crm/backend/internal/service/attendance_service.go:180.133,207.16 3 0
github.com/school-crm/backend/internal/service/attendance_service.go:207.16,209.3 1 0
github.com/school-crm/backend/internal/service/attendance_service.go:210.2,213.18 3 0
github.com/school-crm/backend/internal/service/attendance_service.go:213.18,215.76 2 0
github.com/school-crm/backend/internal/service/attendance_service.go:215.76,217.4 1 0
github.com/school-crm/backend/internal/service/attendance_service.go:218.3,218.29 1 0
github.com/school-crm/backend/internal/service/attendance_service.go:220.2,220.27 1 0
github.com/school-crm/backend/internal/service/branch_service.go:22.90,24.2 1 0
github.com/school-crm/backend/internal/service/branch_service.go:38.103,40.42 1 0
github.com/school-crm/backend/internal/service/branch_service.go:40.42,41.93 1 0
github.com/school-crm/backend/internal/service/branch_service.go:41.93,43.4 1 0
github.com/school-crm/backend/internal/service/branch_service.go:46.2,65.16 6 0
github.com/school-crm/backend/internal/service/branch_service.go:65.16,67.3 1 0
github.com/school-crm/backend/internal/service/branch_service.go:70.2,72.16 3 0
github.com/school-crm/backend/internal/service/branch_service.go:72.16,75.3 1 0
github.com/school-crm/backend/internal/service/branch_service.go:75.8,80.17 2 0
github.com/school-crm/backend/internal/service/branch_service.go:80.17,82.4 1 0
github.com/school-crm/backend/internal/service/branch_service.go:83.3,84.48 2 0
github.com/school-crm/backend/internal/service/branch_service.go:87.2,87.20 1 0
github.com/school-crm/backend/internal/service/branch_service.go:90.89,98.26 4 0
github.com/school-crm/backend/internal/service/branch_service.go:98.26,100.3 1 0
github.com/school-crm/backend/internal/service/branch_service.go:103.2,103.43 1 0
github.com/school-crm/backend/internal/service/branch_service.go:103.43,106.17 3 0
github.com/school-crm/backend/internal/service/branch_service.go:106.17,108.4 1 0
github.com/school-crm/backend/internal/service/branch_service.go:111.2,111.20 1 0
github.com/school-crm/backend/internal/service/branch_service.go:114.78,118.16 3 0
github.com/school-crm/backend/internal/service/branch_service.go:118.16,120.3 1 0
github.com/school-crm/backend/internal/service/branch_service.go:121.2,124.18 3 0
github.com/school-crm/backend/internal/service/branch_service.go:124.18,126.223 2 0
github.com/school-crm/backend/internal/service/branch_service.go:126.223,128.4 1 0
github.com/school-crm/backend/internal/service/branch_service.go:131.3,131.44 1 0
github.com/school-crm/backend/internal/service/branch_service.go:131.44,134.18 3 0
github.com/school-crm/backend/internal/service/branch_service.go:134.18,136.5 1 0
github.com/school-crm/backend/internal/service/branch_service.go:139.3,139.38 1 0
github.com/school-crm/backend/internal/service/branch_service.go:142.2,142.29 1 0
github.com/school-crm/backend/internal/service/branch_service.go:145.100,149.16 3 0
github.com/school-crm/backend/internal/service/branch_service.go:149.16,151.3 1 0
github.com/school-crm/backend/internal/service/branch_service.go:152.2,155.18 3 0
github.com/school-crm/backend/internal/service/branch_service.go:155.18,157.223 2 0
github.com/school-crm/backend/internal/service/branch_service.go:157.223,159.4 1 0
github.com/school-crm/backend/internal/service/branch_service.go:161.3,161.44 1 0
github.com/school-crm/backend/internal/service/branch_service.go:161.44,164.18 3 0
github.com/school-crm/backend/internal/service/branch_service.go:164.18,166.5 1 0
github.com/school-crm/backend/internal/service/branch_service.go:169.3,169.38 1 0
github.com/school-crm/backend/internal/service/branch_service.go:172.2,172.29 1 0
github.com/school-crm/backend/internal/service/branch_service.go:175.120,186.34 7 0
github.com/school-crm/backend/internal/service/branch_service.go:186.34,187.19 1 0
github.com/school-crm/backend/internal/service/branch_service.go:187.19,189.4 1 0
github.com/school-crm/backend/internal/service/branch_service.go:190.3,192.13 3 0
github.com/school-crm/backend/internal/service/branch_service.go:195.2,199.16 4 0
github.com/school-crm/backend/internal/service/branch_service.go:199.16,201.3 1 0
github.com/school-crm/backend/internal/service/branch_service.go:204.2,204.58 1 0
github.com/school-crm/backend/internal/service/branch_service.go:204.58,207.17 3 0
github.com/school-crm/backend/internal/service/branch_service.go:207.17,209.4 1 0
github.com/school-crm/backend/internal/service/branch_service.go:212.2,212.27 1 0
github.com/school-crm/backend/internal/service/branch_service.go:215.70,219.2 3 0
github.com/school-crm/backend/internal/service/branch_service.go:222.93,225.16 2 0
github.com/school-crm/backend/internal/service/branch_service.go:225.16,227.3 1 0
github.com/school-crm/backend/internal/service/branch_service.go:230.2,230.43 1 0
github.com/school-crm/backend/internal/service/branch_service.go:230.43,232.3 1 0
github.com/school-crm/backend/internal/service/branch_service.go:234.2,236.16 3 0
github.com/school-crm/backend/internal/service/branch_service.go:236.16,238.3 1 0
github.com/school-crm/backend/internal/service/branch_service.go:240.2,240.27 1 0
github.com/school-crm/backend/internal/service/branch_service.go:244.94,246.16 2 0
github.com/school-crm/backend/internal/service/branch_service.go:246.16,248.3 1 0
github.com/school-crm/backend/internal/service/branch_service.go:250.2,250.41 1 0
github.com/school-crm/backend/internal/service/branch_service.go:250.41,252.3 1 0
github.com/school-crm/backend/internal/service/branch_service.go:254.2,255.57 2 0
github.com/school-crm/backend/internal/service/budget_service.go:16.61,18.2 1 0
github.com/school-crm/backend/internal/service/budget_service.go:51.101,63.16 4 0
github.com/school-crm/backend/internal/service/budget_service.go:63.16,65.3 1 0
github.com/school-crm/backend/internal/service/budget_service.go:66.2,66.20 1 0
github.com/school-crm/backend/internal/service/budget_service.go:70.120,88.16 2 0
github.com/school-crm/backend/internal/service/budget_service.go:88.16,90.3 1 0
github.com/school-crm/backend/internal/service/budget_service.go:91.2,94.18 3 0
github.com/school-crm/backend/internal/service/budget_service.go:94.18,99.17 2 0
github.com/school-crm/backend/internal/service/budget_service.go:99.17,101.4 1 0
github.com/school-crm/backend/internal/service/budget_service.go:102.3,102.19 1 0
github.com/school-crm/backend/internal/service/budget_service.go:102.19,104.4 1 0
github.com/school-crm/backend/internal/service/budget_service.go:105.3,107.29 3 0
github.com/school-crm/backend/internal/service/budget_service.go:109.2,109.20 1 0
github.com/school-crm/backend/internal/service/budget_service.go:113.103,117.16 2 0
github.com/school-crm/backend/internal/service/budget_service.go:117.16,119.3 1 0
github.com/school-crm/backend/internal/service/budget_service.go:120.2,121.12 2 0
github.com/school-crm/backend/internal/service/budget_service.go:121.12,123.3 1 0
github.com/school-crm/backend/internal/service/budget_service.go:124.2,124.12 1 0
github.com/school-crm/backend/internal/service/class_service.go:24.59,26.2 1 0
github.com/school-crm/backend/internal/service/class_service.go:29.50,29.65 1 0
github.com/school-crm/backend/internal/service/class_service.go:39.100,44.16 4 0
github.com/school-crm/backend/internal/service/class_service.go:44.16,46.3 1 0
github.com/school-crm/backend/internal/service/class_service.go:47.2,47.15 1 0
github.com/school-crm/backend/internal/service/class_service.go:47.15,49.3 1 0
github.com/school-crm/backend/internal/service/class_service.go:51.2,64.34 4 0
github.com/school-crm/backend/internal/service/class_service.go:64.34,66.3 1 0
github.com/school-crm/backend/internal/service/class_service.go:68.2,68.19 1 0
github.com/school-crm/backend/internal/service/class_service.go:71.87,79.26 4 0
github.com/school-crm/backend/internal/service/class_service.go:79.26,81.3 1 0
github.com/school-crm/backend/internal/service/class_service.go:82.2,82.16 1 0
github.com/school-crm/backend/internal/service/class_service.go:82.16,84.3 1 0
github.com/school-crm/backend/internal/service/class_service.go:87.2,89.19 2 0
github.com/school-crm/backend/internal/service/class_service.go:92.100,93.20 1 0
github.com/school-crm/backend/internal/service/class_service.go:93.20,96.57 3 0
github.com/school-crm/backend/internal/service/class_service.go:96.57,98.4 1 0
github.com/school-crm/backend/internal/service/class_service.go:99.3,100.17 2 0
github.com/school-crm/backend/internal/service/class_service.go:100.17,102.4 1 0
github.com/school-crm/backend/internal/service/class_service.go:103.3,103.21 1 0
github.com/school-crm/backend/internal/service/class_service.go:105.2,105.41 1 0
github.com/school-crm/backend/internal/service/class_service.go:108.102,113.16 2 0
github.com/school-crm/backend/internal/service/class_service.go:113.16,115.3 1 0
github.com/school-crm/backend/internal/service/class_service.go:116.2,120.18 4 0
github.com/school-crm/backend/internal/service/class_service.go:120.18,122.130 2 0
github.com/school-crm/backend/internal/service/class_service.go:122.130,124.4 1 0
github.com/school-crm/backend/internal/service/class_service.go:125.3,126.40 2 0
github.com/school-crm/backend/internal/service/class_service.go:128.2,128.35 1 0
github.com/school-crm/backend/internal/service/class_service.go:128.35,130.3 1 0
github.com/school-crm/backend/internal/service/class_service.go:132.2,132.24 1 0
github.com/school-crm/backend/internal/service/class_service.go:132.24,134.3 1 0
github.com/school-crm/backend/internal/service/class_service.go:137.2,140.16 2 0
github.com/school-crm/backend/internal/service/class_service.go:140.16,142.3 1 0
github.com/school-crm/backend/internal/service/class_service.go:143.2,147.25 3 0
github.com/school-crm/backend/internal/service/class_service.go:147.25,149.64 2 0
github.com/school-crm/backend/internal/service/class_service.go:149.64,150.12 1 0
github.com/school-crm/backend/internal/service/class_service.go:152.3,152.63 1 0
github.com/school-crm/backend/internal/service/class_service.go:156.2,156.25 1 0
github.com/school-crm/backend/internal/service/class_service.go:156.25,158.3 1 0
github.com/school-crm/backend/internal/service/class_service.go:160.2,160.21 1 0
github.com/school-crm/backend/internal/service/class_service.go:163.118,166.16 2 0
github.com/school-crm/backend/internal/service/class_service.go:166.16,168.3 1 0
github.com/school-crm/backend/internal/service/class_service.go:171.2,171.48 1 0
github.com/school-crm/backend/internal/service/class_service.go:171.48,175.17 4 0
github.com/school-crm/backend/internal/service/class_service.go:175.17,177.4 1 0
github.com/school-crm/backend/internal/service/class_service.go:178.3,178.16 1 0
github.com/school-crm/backend/internal/service/class_service.go:178.16,180.4 1 0
github.com/school-crm/backend/internal/service/class_service.go:183.2,188.34 5 0
github.com/school-crm/backend/internal/service/class_service.go:188.34,189.19 1 0
github.com/school-crm/backend/internal/service/class_service.go:189.19,191.4 1 0
github.com/school-crm/backend/internal/service/class_service.go:192.3,194.13 3 0
github.com/school-crm/backend/internal/service/class_service.go:197.2,201.16 4 0
github.com/school-crm/backend/internal/service/class_service.go:201.16,203.3 1 0
github.com/school-crm/backend/internal/service/class_service.go:205.2,205.20 1 0
github.com/school-crm/backend/internal/service/class_service.go:205.20,207.3 1 0
github.com/school-crm/backend/internal/service/class_service.go:208.2,208.27 1 0
github.com/school-crm/backend/internal/service/class_service.go:211.69,217.52 5 0
github.com/school-crm/backend/internal/service/class_service.go:217.52,219.3 1 0
github.com/school-crm/backend/internal/service/class_service.go:220.2,220.12 1 0
github.com/school-crm/backend/internal/service/class_service.go:224.87,227.16 3 0
github.com/school-crm/backend/internal/service/class_service.go:227.16,229.3 1 0
github.com/school-crm/backend/internal/service/class_service.go:230.2,233.18 3 0
github.com/school-crm/backend/internal/service/class_service.go:233.18,235.47 2 0
github.com/school-crm/backend/internal/service/class_service.go:235.47,237.4 1 0
github.com/school-crm/backend/internal/service/class_service.go:238.3,238.45 1 0
github.com/school-crm/backend/internal/service/class_service.go:241.2,242.19 2 0
github.com/school-crm/backend/internal/service/clickuz_service.go:21.104,28.2 1 0
github.com/school-crm/backend/internal/service/clickuz_service.go:31.134,50.16 4 0
github.com/school-crm/backend/internal/service/clickuz_service.go:50.16,52.3 1 0
github.com/school-crm/backend/internal/service/clickuz_service.go:54.2,63.8 2 0
github.com/school-crm/backend/internal/service/clickuz_service.go:67.140,79.16 5 0
github.com/school-crm/backend/internal/service/clickuz_service.go:79.16,82.3 2 0
github.com/school-crm/backend/internal/service/clickuz_service.go:84.2,84.32 1 0
github.com/school-crm/backend/internal/service/clickuz_service.go:84.32,87.3 2 0
github.com/school-crm/backend/internal/service/clickuz_service.go:90.2,98.16 3 0
github.com/school-crm/backend/internal/service/clickuz_service.go:98.16,101.3 2 0
github.com/school-crm/backend/internal/service/clickuz_service.go:104.2,110.16 3 0
github.com/school-crm/backend/internal/service/clickuz_service.go:110.16,113.3 2 0
github.com/school-crm/backend/internal/service/clickuz_service.go:116.2,116.37 1 0
github.com/school-crm/backend/internal/service/clickuz_service.go:116.37,125.17 3 0
github.com/school-crm/backend/internal/service/clickuz_service.go:125.17,127.4 1 0
github.com/school-crm/backend/internal/service/clickuz_service.go:130.2,131.18 2 0
github.com/school-crm/backend/internal/service/clickuz_service.go:135.124,143.2 4 0
github.com/school-crm/backend/internal/service/clickuz_service.go:146.98,153.16 3 0
github.com/school-crm/backend/internal/service/clickuz_service.go:153.16,155.3 1 0
github.com/school-crm/backend/internal/service/clickuz_service.go:157.2,157.20 1 0
github.com/school-crm/backend/internal/service/clickuz_service.go:161.33,163.2 1 0
github.com/school-crm/backend/internal/service/developer_service.go:16.67,18.2 1 0
github.com/school-crm/backend/internal/service/developer_service.go:21.110,33.16 4 0
github.com/school-crm/backend/internal/service/developer_service.go:33.16,35.3 1 0
github.com/school-crm/backend/internal/service/developer_service.go:37.2,37.18 1 0
github.com/school-crm/backend/internal/service/developer_service.go:41.104,53.16 4 0
github.com/school-crm/backend/internal/service/developer_service.go:53.16,55.3 1 0
github.com/school-crm/backend/internal/service/developer_service.go:57.2,57.18 1 0
github.com/school-crm/backend/internal/service/developer_service.go:61.122,63.16 2 0
github.com/school-crm/backend/internal/service/developer_service.go:63.16,65.3 1 0
github.com/school-crm/backend/internal/service/developer_service.go:67.2,67.19 1 0
github.com/school-crm/backend/internal/service/developer_service.go:67.19,69.3 1 0
github.com/school-crm/backend/internal/service/developer_service.go:72.2,73.16 2 0
github.com/school-crm/backend/internal/service/developer_service.go:73.16,75.3 1 0
github.com/school-crm/backend/internal/service/developer_service.go:78.2,81.17 3 0
github.com/school-crm/backend/internal/service/developer_service.go:85.126,88.16 2 0
github.com/school-crm/backend/internal/service/developer_service.go:88.16,90.3 1 0
github.com/school-crm/backend/internal/service/developer_service.go:92.2,105.16 4 0
github.com/school-crm/backend/internal/service/developer_service.go:105.16,107.3 1 0
github.com/school-crm/backend/internal/service/developer_service.go:109.2,109.18 1 0
github.com/school-crm/backend/internal/service/developer_service.go:113.100,117.2 3 0
github.com/school-crm/backend/internal/service/developer_service.go:120.92,128.16 3 0
github.com/school-crm/backend/internal/service/developer_service.go:128.16,130.3 1 0
github.com/school-crm/backend/internal/service/developer_service.go:131.2,134.18 3 0
github.com/school-crm/backend/internal/service/developer_service.go:134.18,139.17 3 0
github.com/school-crm/backend/internal/service/developer_service.go:139.17,140.12 1 0
github.com/school-crm/backend/internal/service/developer_service.go:142.3,142.39 1 0
github.com/school-crm/backend/internal/service/developer_service.go:145.2,145.31 1 0
github.com/school-crm/backend/internal/service/developer_service.go:149.91,152.16 3 0
github.com/school-crm/backend/internal/service/developer_service.go:152.16,154.3 1 0
github.com/school-crm/backend/internal/service/developer_service.go:155.2,155.12 1 0
github.com/school-crm/backend/internal/service/developer_service.go:159.112,161.16 2 0
github.com/school-crm/backend/internal/service/developer_service.go:161.16,163.3 1 0
github.com/school-crm/backend/internal/service/developer_service.go:165.2,167.16 3 0
github.com/school-crm/backend/internal/service/developer_service.go:167.16,169.3 1 0
github.com/school-crm/backend/internal/service/developer_service.go:170.2,170.12 1 0
github.com/school-crm/backend/internal/service/expense_service.go:21.89,23.2 1 0
github.com/school-crm/backend/internal/service/expense_service.go:58.124,60.46 1 0
github.com/school-crm/backend/internal/service/expense_service.go:60.46,62.17 2 0
github.com/school-crm/backend/internal/service/expense_service.go:62.17,64.4 1 0
github.com/school-crm/backend/internal/service/expense_service.go:65.3,68.60 4 0
github.com/school-crm/backend/internal/service/expense_service.go:68.60,70.4 1 0
github.com/school-crm/backend/internal/service/expense_service.go:73.2,93.21 4 0
github.com/school-crm/backend/internal/service/expense_service.go:96.91,106.26 4 0
github.com/school-crm/backend/internal/service/expense_service.go:106.26,108.3 1 0
github.com/school-crm/backend/internal/service/expense_service.go:109.2,109.21 1 0
github.com/school-crm/backend/internal/service/expense_service.go:112.104,117.16 3 0
github.com/school-crm/backend/internal/service/expense_service.go:117.16,119.3 1 0
github.com/school-crm/backend/internal/service/expense_service.go:120.2,123.18 3 0
github.com/school-crm/backend/internal/service/expense_service.go:123.18,126.130 2 0
github.com/school-crm/backend/internal/service/expense_service.go:126.130,128.4 1 0
github.com/school-crm/backend/internal/service/expense_service.go:129.3,129.39 1 0
github.com/school-crm/backend/internal/service/expense_service.go:132.2,132.29 1 0
github.com/school-crm/backend/internal/service/expense_service.go:135.131,138.16 2 0
github.com/school-crm/backend/internal/service/expense_service.go:138.16,140.3 1 0
github.com/school-crm/backend/internal/service/expense_service.go:143.2,143.24 1 0
github.com/school-crm/backend/internal/service/expense_service.go:143.24,145.17 2 0
github.com/school-crm/backend/internal/service/expense_service.go:145.17,147.4 1 0
github.com/school-crm/backend/internal/service/expense_service.go:148.3,152.25 5 0
github.com/school-crm/backend/internal/service/expense_service.go:152.25,154.4 1 0
github.com/school-crm/backend/internal/service/expense_service.go:158.2,158.22 1 0
github.com/school-crm/backend/internal/service/expense_service.go:158.22,160.3 1 0
github.com/school-crm/backend/internal/service/expense_service.go:161.2,161.28 1 0
github.com/school-crm/backend/internal/service/expense_service.go:161.28,163.3 1 0
github.com/school-crm/backend/internal/service/expense_service.go:164.2,164.23 1 0
github.com/school-crm/backend/internal/service/expense_service.go:164.23,166.3 1 0
github.com/school-crm/backend/internal/service/expense_service.go:167.2,167.25 1 0
github.com/school-crm/backend/internal/service/expense_service.go:167.25,169.3 1 0
github.com/school-crm/backend/internal/service/expense_service.go:170.2,170.30 1 0
github.com/school-crm/backend/internal/service/expense_service.go:170.30,172.3 1 0
github.com/school-crm/backend/internal/service/expense_service.go:173.2,173.21 1 0
github.com/school-crm/backend/internal/service/expense_service.go:173.21,175.3 1 0
github.com/school-crm/backend/internal/service/expense_service.go:176.2,176.22 1 0
github.com/school-crm/backend/internal/service/expense_service.go:176.22,178.3 1 0
github.com/school-crm/backend/internal/service/expense_service.go:180.2,186.16 3 0
github.com/school-crm/backend/internal/service/expense_service.go:186.16,188.3 1 0
github.com/school-crm/backend/internal/service/expense_service.go:190.2,190.21 1 0
github.com/school-crm/backend/internal/service/expense_service.go:193.71,197.2 3 0
github.com/school-crm/backend/internal/service/expense_service.go:199.134,208.16 3 0
github.com/school-crm/backend/internal/service/expense_service.go:208.16,210.3 1 0
github.com/school-crm/backend/internal/service/expense_service.go:211.2,214.18 3 0
github.com/school-crm/backend/internal/service/expense_service.go:214.18,217.130 2 0
github.com/school-crm/backend/internal/service/expense_service.go:217.130,219.4 1 0
github.com/school-crm/backend/internal/service/expense_service.go:220.3,220.39 1 0
github.com/school-crm/backend/internal/service/expense_service.go:223.2,223.29 1 0
github.com/school-crm/backend/internal/service/expense_service.go:227.132,230.14 3 0
github.com/school-crm/backend/internal/service/expense_service.go:230.14,232.3 1 0
github.com/school-crm/backend/internal/service/expense_service.go:233.2,233.15 1 0
github.com/school-crm/backend/internal/service/expense_service.go:233.15,235.3 1 0
github.com/school-crm/backend/internal/service/expense_service.go:236.2,251.31 11 0
github.com/school-crm/backend/internal/service/expense_service.go:251.31,261.3 8 0
github.com/school-crm/backend/internal/service/expense_service.go:264.2,264.18 1 0
github.com/school-crm/backend/internal/service/expense_service.go:264.18,269.3 4 0
github.com/school-crm/backend/internal/service/expense_service.go:272.2,272.20 1 0
github.com/school-crm/backend/internal/service/expense_service.go:272.20,276.3 3 0
github.com/school-crm/backend/internal/service/expense_service.go:279.2,279.25 1 0
github.com/school-crm/backend/internal/service/expense_service.go:279.25,283.3 3 0
github.com/school-crm/backend/internal/service/expense_service.go:286.2,289.16 4 0
github.com/school-crm/backend/internal/service/expense_service.go:289.16,291.3 1 0
github.com/school-crm/backend/internal/service/expense_service.go:294.2,307.16 8 0
github.com/school-crm/backend/internal/service/expense_service.go:307.16,309.3 1 0
github.com/school-crm/backend/internal/service/expense_service.go:310.2,313.18 3 0
github.com/school-crm/backend/internal/service/expense_service.go:313.18,316.130 2 0
github.com/school-crm/backend/internal/service/expense_service.go:316.130,318.4 1 0
github.com/school-crm/backend/internal/service/expense_service.go:319.3,319.39 1 0
github.com/school-crm/backend/internal/service/expense_service.go:322.2,322.35 1 0
github.com/school-crm/backend/internal/service/expense_service.go:322.35,324.3 1 0
github.com/school-crm/backend/internal/service/expense_service.go:326.2,331.8 1 0
github.com/school-crm/backend/internal/service/expense_service.go:335.146,347.16 5 0
github.com/school-crm/backend/internal/service/expense_service.go:347.16,349.3 1 0
github.com/school-crm/backend/internal/service/expense_service.go:352.2,356.16 3 0
github.com/school-crm/backend/internal/service/expense_service.go:356.16,358.3 1 0
github.com/school-crm/backend/internal/service/expense_service.go:359.2,361.18 2 0
github.com/school-crm/backend/internal/service/expense_service.go:361.18,364.50 3 0
github.com/school-crm/backend/internal/service/expense_service.go:364.50,366.4 1 0
github.com/school-crm/backend/internal/service/expense_service.go:367.3,367.35 1 0
github.com/school-crm/backend/internal/service/expense_service.go:371.2,375.16 3 0
github.com/school-crm/backend/internal/service/expense_service.go:375.16,377.3 1 0
github.com/school-crm/backend/internal/service/expense_service.go:378.2,380.24 2 0
github.com/school-crm/backend/internal/service/expense_service.go:380.24,383.59 3 0
github.com/school-crm/backend/internal/service/expense_service.go:383.59,385.4 1 0
github.com/school-crm/backend/internal/service/expense_service.go:386.3,386.36 1 0
github.com/school-crm/backend/internal/service/expense_service.go:389.2,389.21 1 0
github.com/school-crm/backend/internal/service/finance_service.go:18.140,20.2 1 0
github.com/school-crm/backend/internal/service/finance_service.go:36.146,38.16 2 0
github.com/school-crm/backend/internal/service/finance_service.go:38.16,40.3 1 0
github.com/school-crm/backend/internal/service/finance_service.go:42.2,43.35 2 0
github.com/school-crm/backend/internal/service/finance_service.go:43.35,45.28 2 0
github.com/school-crm/backend/internal/service/finance_service.go:45.28,46.97 1 0
github.com/school-crm/backend/internal/service/finance_service.go:46.97,48.5 1 0
github.com/school-crm/backend/internal/service/finance_service.go:51.3,52.30 2 0
github.com/school-crm/backend/internal/service/finance_service.go:52.30,54.18 2 0
github.com/school-crm/backend/internal/service/finance_service.go:54.18,55.32 1 0
github.com/school-crm/backend/internal/service/finance_service.go:55.32,57.6 1 0
github.com/school-crm/backend/internal/service/finance_service.go:61.3,62.21 2 0
github.com/school-crm/backend/internal/service/finance_service.go:62.21,63.44 1 0
github.com/school-crm/backend/internal/service/finance_service.go:63.44,65.5 1 0
github.com/school-crm/backend/internal/service/finance_service.go:65.10,67.5 1 0
github.com/school-crm/backend/internal/service/finance_service.go:70.3,79.5 1 0
github.com/school-crm/backend/internal/service/finance_service.go:81.2,81.20 1 0
github.com/school-crm/backend/internal/service/finance_service.go:101.175,103.16 2 0
github.com/school-crm/backend/internal/service/finance_service.go:103.16,105.3 1 0
github.com/school-crm/backend/internal/service/finance_service.go:107.2,108.16 2 0
github.com/school-crm/backend/internal/service/finance_service.go:108.16,110.3 1 0
github.com/school-crm/backend/internal/service/finance_service.go:112.2,113.35 2 0
github.com/school-crm/backend/internal/service/finance_service.go:113.35,115.17 2 0
github.com/school-crm/backend/internal/service/finance_service.go:115.17,116.12 1 0
github.com/school-crm/backend/internal/service/finance_service.go:119.3,120.30 2 0
github.com/school-crm/backend/internal/service/finance_service.go:120.30,122.4 1 0
github.com/school-crm/backend/internal/service/finance_service.go:124.3,126.42 3 0
github.com/school-crm/backend/internal/service/finance_service.go:126.42,129.4 2 0
github.com/school-crm/backend/internal/service/finance_service.go:129.9,129.27 1 0
github.com/school-crm/backend/internal/service/finance_service.go:129.27,131.4 1 0
github.com/school-crm/backend/internal/service/finance_service.go:133.3,145.19 2 0
github.com/school-crm/backend/internal/service/finance_service.go:145.19,148.54 2 0
github.com/school-crm/backend/internal/service/finance_service.go:148.54,149.13 1 0
github.com/school-crm/backend/internal/service/finance_service.go:152.3,152.45 1 0
github.com/school-crm/backend/internal/service/finance_service.go:152.45,153.12 1 0
github.com/school-crm/backend/internal/service/finance_service.go:155.3,155.63 1 0
github.com/school-crm/backend/internal/service/finance_service.go:155.63,156.12 1 0
github.com/school-crm/backend/internal/service/finance_service.go:158.3,158.63 1 0
github.com/school-crm/backend/internal/service/finance_service.go:158.63,159.12 1 0
github.com/school-crm/backend/internal/service/finance_service.go:162.3,162.30 1 0
github.com/school-crm/backend/internal/service/finance_service.go:164.2,164.20 1 0
github.com/school-crm/backend/internal/service/finance_service.go:175.144,177.16 2 0
github.com/school-crm/backend/internal/service/finance_service.go:177.16,179.3 1 0
github.com/school-crm/backend/internal/service/finance_service.go:181.2,182.16 2 0
github.com/school-crm/backend/internal/service/finance_service.go:182.16,184.3 1 0
github.com/school-crm/backend/internal/service/finance_service.go:186.2,187.29 2 0
github.com/school-crm/backend/internal/service/finance_service.go:187.29,189.3 1 0
github.com/school-crm/backend/internal/service/finance_service.go:191.2,192.19 2 0
github.com/school-crm/backend/internal/service/finance_service.go:192.19,194.3 1 0
github.com/school-crm/backend/internal/service/finance_service.go:196.2,196.77 1 0
github.com/school-crm/backend/internal/service/financial_month_service.go:17.77,21.2 1 0
github.com/school-crm/backend/internal/service/financial_month_service.go:24.127,31.36 5 0
github.com/school-crm/backend/internal/service/financial_month_service.go:31.36,33.3 1 0
github.com/school-crm/backend/internal/service/financial_month_service.go:36.2,36.45 1 0
github.com/school-crm/backend/internal/service/financial_month_service.go:40.127,46.16 4 0
github.com/school-crm/backend/internal/service/financial_month_service.go:46.16,48.3 1 0
github.com/school-crm/backend/internal/service/financial_month_service.go:50.2,62.16 4 0
github.com/school-crm/backend/internal/service/financial_month_service.go:62.16,64.3 1 0
github.com/school-crm/backend/internal/service/financial_month_service.go:66.2,66.16 1 0
github.com/school-crm/backend/internal/service/financial_month_service.go:70.105,78.16 3 0
github.com/school-crm/backend/internal/service/financial_month_service.go:78.16,80.3 1 0
github.com/school-crm/backend/internal/service/financial_month_service.go:81.2,81.16 1 0
github.com/school-crm/backend/internal/service/financial_month_service.go:85.144,93.16 3 0
github.com/school-crm/backend/internal/service/financial_month_service.go:93.16,95.3 1 0
github.com/school-crm/backend/internal/service/financial_month_service.go:96.2,96.16 1 0
github.com/school-crm/backend/internal/service/financial_month_service.go:100.123,110.16 3 0
github.com/school-crm/backend/internal/service/financial_month_service.go:110.16,112.3 1 0
github.com/school-crm/backend/internal/service/financial_month_service.go:113.2,113.16 1 0
github.com/school-crm/backend/internal/service/financial_month_service.go:117.117,124.16 2 0
github.com/school-crm/backend/internal/service/financial_month_service.go:124.16,126.3 1 0
github.com/school-crm/backend/internal/service/financial_month_service.go:127.2,130.18 3 0
github.com/school-crm/backend/internal/service/financial_month_service.go:130.18,133.17 3 0
github.com/school-crm/backend/internal/service/financial_month_service.go:133.17,135.4 1 0
github.com/school-crm/backend/internal/service/financial_month_service.go:136.3,136.30 1 0
github.com/school-crm/backend/internal/service/financial_month_service.go:139.2,139.27 1 0
github.com/school-crm/backend/internal/service/financial_month_service.go:143.114,145.16 2 0
github.com/school-crm/backend/internal/service/financial_month_service.go:145.16,147.3 1 0
github.com/school-crm/backend/internal/service/financial_month_service.go:148.2,158.16 5 0
github.com/school-crm/backend/internal/service/financial_month_service.go:158.16,160.3 1 0
github.com/school-crm/backend/internal/service/financial_month_service.go:163.2,168.16 2 0
github.com/school-crm/backend/internal/service/financial_month_service.go:168.16,170.3 1 0
github.com/school-crm/backend/internal/service/financial_month_service.go:173.2,175.20 3 0
github.com/school-crm/backend/internal/service/financial_month_service.go:175.20,178.3 2 0
github.com/school-crm/backend/internal/service/financial_month_service.go:181.2,184.16 4 0
github.com/school-crm/backend/internal/service/financial_month_service.go:184.16,186.3 1 0
github.com/school-crm/backend/internal/service/financial_month_service.go:188.2,192.16 2 0
github.com/school-crm/backend/internal/service/financial_month_service.go:192.16,194.3 1 0
github.com/school-crm/backend/internal/service/financial_month_service.go:197.2,201.16 2 0
github.com/school-crm/backend/internal/service/financial_month_service.go:201.16,203.3 1 0
github.com/school-crm/backend/internal/service/financial_month_service.go:206.2,207.16 2 0
github.com/school-crm/backend/internal/service/financial_month_service.go:207.16,209.3 1 0
github.com/school-crm/backend/internal/service/financial_month_service.go:212.2,219.16 3 0
github.com/school-crm/backend/internal/service/financial_month_service.go:223.98,226.16 3 0
github.com/school-crm/backend/internal/service/financial_month_service.go:226.16,228.3 1 0
github.com/school-crm/backend/internal/service/financial_month_service.go:229.2,229.56 1 0
github.com/school-crm/backend/internal/service/messaging_service.go:23.84,25.2 1 0
github.com/school-crm/backend/internal/service/messaging_service.go:28.118,29.16 1 0
github.com/school-crm/backend/internal/service/messaging_service.go:29.16,31.3 1 0
github.com/school-crm/backend/internal/service/messaging_service.go:32.2,39.16 2 0
github.com/school-crm/backend/internal/service/messaging_service.go:39.16,41.3 1 0
github.com/school-crm/backend/internal/service/messaging_service.go:42.2,45.18 3 0
github.com/school-crm/backend/internal/service/messaging_service.go:45.18,48.102 2 0
github.com/school-crm/backend/internal/service/messaging_service.go:48.102,50.4 1 0
github.com/school-crm/backend/internal/service/messaging_service.go:51.3,51.26 1 0
github.com/school-crm/backend/internal/service/messaging_service.go:53.2,53.17 1 0
github.com/school-crm/backend/internal/service/messaging_service.go:53.17,55.3 1 0
github.com/school-crm/backend/internal/service/messaging_service.go:56.2,56.25 1 0
github.com/school-crm/backend/internal/service/messaging_service.go:61.131,71.16 4 0
github.com/school-crm/backend/internal/service/messaging_service.go:71.16,73.3 1 0
github.com/school-crm/backend/internal/service/messaging_service.go:74.2,75.18 2 0
github.com/school-crm/backend/internal/service/messaging_service.go:75.18,81.86 2 0
github.com/school-crm/backend/internal/service/messaging_service.go:81.86,83.4 1 0
github.com/school-crm/backend/internal/service/messaging_service.go:84.3,84.37 1 0
github.com/school-crm/backend/internal/service/messaging_service.go:86.2,86.35 1 0
github.com/school-crm/backend/internal/service/messaging_service.go:86.35,88.3 1 0
github.com/school-crm/backend/internal/service/messaging_service.go:91.2,92.31 2 0
github.com/school-crm/backend/internal/service/messaging_service.go:92.31,93.29 1 0
github.com/school-crm/backend/internal/service/messaging_service.go:93.29,94.12 1 0
github.com/school-crm/backend/internal/service/messaging_service.go:96.3,97.63 2 0
github.com/school-crm/backend/internal/service/messaging_service.go:97.63,99.4 1 0
github.com/school-crm/backend/internal/service/messaging_service.go:99.9,101.4 1 0
github.com/school-crm/backend/internal/service/messaging_service.go:105.2,116.16 5 0
github.com/school-crm/backend/internal/service/messaging_service.go:116.16,118.3 1 0
github.com/school-crm/backend/internal/service/messaging_service.go:119.2,119.17 1 0
github.com/school-crm/backend/internal/service/messaging_service.go:123.105,127.2 2 0
github.com/school-crm/backend/internal/service/messaging_service.go:130.105,134.37 3 0
github.com/school-crm/backend/internal/service/messaging_service.go:134.37,137.3 2 0
github.com/school-crm/backend/internal/service/messaging_service.go:137.8,138.36 1 0
github.com/school-crm/backend/internal/service/messaging_service.go:138.36,141.4 2 0
github.com/school-crm/backend/internal/service/messaging_service.go:142.3,142.38 1 0
github.com/school-crm/backend/internal/service/messaging_service.go:142.38,145.37 2 0
github.com/school-crm/backend/internal/service/messaging_service.go:146.18,151.45 1 0
github.com/school-crm/backend/internal/service/messaging_service.go:152.16,157.45 1 0
github.com/school-crm/backend/internal/service/messaging_service.go:160.3,160.38 1 0
github.com/school-crm/backend/internal/service/messaging_service.go:160.38,163.4 2 0
github.com/school-crm/backend/internal/service/messaging_service.go:164.3,164.39 1 0
github.com/school-crm/backend/internal/service/messaging_service.go:164.39,167.4 2 0
github.com/school-crm/backend/internal/service/messaging_service.go:170.2,177.20 3 0
github.com/school-crm/backend/internal/service/messaging_service.go:180.68,181.22 1 0
github.com/school-crm/backend/internal/service/messaging_service.go:181.22,185.3 2 0
github.com/school-crm/backend/internal/service/messaging_service.go:186.2,190.16 5 0
github.com/school-crm/backend/internal/service/messaging_service.go:190.16,192.3 1 0
github.com/school-crm/backend/internal/service/messaging_service.go:193.2,194.38 2 0
github.com/school-crm/backend/internal/service/messaging_service.go:194.38,196.3 1 0
github.com/school-crm/backend/internal/service/messaging_service.go:197.2,197.12 1 0
github.com/school-crm/backend/internal/service/notification_service.go:36.73,38.2 1 0
github.com/school-crm/backend/internal/service/notification_service.go:45.9,47.24 2 0
github.com/school-crm/backend/internal/service/notification_service.go:47.24,49.3 1 0
github.com/school-crm/backend/internal/service/notification_service.go:50.2,50.22 1 0
github.com/school-crm/backend/internal/service/notification_service.go:50.22,52.3 1 0
github.com/school-crm/backend/internal/service/notification_service.go:53.2,57.12 2 0
github.com/school-crm/backend/internal/service/notification_service.go:61.117,62.31 1 0
github.com/school-crm/backend/internal/service/notification_service.go:62.31,64.3 1 0
github.com/school-crm/backend/internal/service/notification_service.go:65.2,73.16 2 0
github.com/school-crm/backend/internal/service/notification_service.go:73.16,75.3 1 0
github.com/school-crm/backend/internal/service/notification_service.go:76.2,79.18 3 0
github.com/school-crm/backend/internal/service/notification_service.go:79.18,84.17 2 0
github.com/school-crm/backend/internal/service/notification_service.go:84.17,86.4 1 0
github.com/school-crm/backend/internal/service/notification_service.go:87.3,87.43 1 0
github.com/school-crm/backend/internal/service/notification_service.go:89.2,89.26 1 0
github.com/school-crm/backend/internal/service/notification_service.go:89.26,91.3 1 0
github.com/school-crm/backend/internal/service/notification_service.go:92.2,92.27 1 0
github.com/school-crm/backend/internal/service/notification_service.go:96.94,102.26 3 0
github.com/school-crm/backend/internal/service/notification_service.go:102.26,104.3 1 0
github.com/school-crm/backend/internal/service/notification_service.go:105.2,105.19 1 0
github.com/school-crm/backend/internal/service/notification_service.go:109.88,115.2 2 0
github.com/school-crm/backend/internal/service/notification_service.go:118.87,124.2 2 0
github.com/school-crm/backend/internal/service/payment_method_utils.go:13.58,14.52 1 24
github.com/school-crm/backend/internal/service/payment_method_utils.go:15.59,16.35 1 6
github.com/school-crm/backend/internal/service/payment_method_utils.go:17.32,18.34 1 6
github.com/school-crm/backend/internal/service/payment_method_utils.go:19.32,20.34 1 4
github.com/school-crm/backend/internal/service/payment_method_utils.go:21.36,22.38 1 3
github.com/school-crm/backend/internal/service/payment_method_utils.go:23.10,24.52 1 5
github.com/school-crm/backend/internal/service/payment_method_utils.go:28.63,29.47 1 6
github.com/school-crm/backend/internal/service/payment_method_utils.go:30.33,31.71 1 2
github.com/school-crm/backend/internal/service/payment_method_utils.go:32.32,33.44 1 1
github.com/school-crm/backend/internal/service/payment_method_utils.go:34.32,35.44 1 1
github.com/school-crm/backend/internal/service/payment_method_utils.go:36.36,37.48 1 1
github.com/school-crm/backend/internal/service/payment_method_utils.go:38.10,40.23 2 1
github.com/school-crm/backend/internal/service/payment_method_utils.go:40.23,42.4 1 1
github.com/school-crm/backend/internal/service/payment_method_utils.go:43.3,43.30 1 0
github.com/school-crm/backend/internal/service/payment_method_utils.go:47.57,54.2 1 3
[...]
github.com/school-crm/backend/internal/handlers/student_notes.go:177.3,177.36 1 0
github.com/school-crm/backend/internal/handlers/student_notes.go:181.73,182.30 1 0
github.com/school-crm/backend/internal/handlers/student_notes.go:182.30,184.21 2 0
github.com/school-crm/backend/internal/handlers/student_notes.go:184.21,186.4 1 0
github.com/school-crm/backend/internal/handlers/student_notes.go:187.3,187.21 1 0
github.com/school-crm/backend/internal/handlers/student_notes.go:187.21,190.4 2 0
github.com/school-crm/backend/internal/handlers/student_notes.go:192.3,193.84 2 0
github.com/school-crm/backend/internal/handlers/student_notes.go:193.84,196.4 2 0
github.com/school-crm/backend/internal/handlers/student_notes.go:197.3,197.48 1 0
github.com/school-crm/backend/internal/handlers/student_notes.go:201.75,202.30 1 0
github.com/school-crm/backend/internal/handlers/student_notes.go:202.30,206.36 3 0
github.com/school-crm/backend/internal/handlers/student_notes.go:206.36,207.45 1 0
github.com/school-crm/backend/internal/handlers/student_notes.go:207.45,209.5 1 0
github.com/school-crm/backend/internal/handlers/student_notes.go:211.3,211.37 1 0
github.com/school-crm/backend/internal/handlers/student_notes.go:211.37,212.45 1 0
github.com/school-crm/backend/internal/handlers/student_notes.go:212.45,214.5 1 0
github.com/school-crm/backend/internal/handlers/student_notes.go:217.3,218.17 2 0
github.com/school-crm/backend/internal/handlers/student_notes.go:218.17,221.4 2 0
github.com/school-crm/backend/internal/handlers/student_notes.go:222.3,222.33 1 0
github.com/school-crm/backend/internal/handlers/subscription.go:20.93,21.30 1 0
github.com/school-crm/backend/internal/handlers/subscription.go:21.30,23.17 2 0
github.com/school-crm/backend/internal/handlers/subscription.go:23.17,25.75 1 0
github.com/school-crm/backend/internal/handlers/subscription.go:25.75,31.5 2 0
github.com/school-crm/backend/internal/handlers/subscription.go:32.4,33.10 2 0
github.com/school-crm/backend/internal/handlers/subscription.go:36.3,36.19 1 0
github.com/school-crm/backend/internal/handlers/subscription.go:36.19,38.4 1 0
github.com/school-crm/backend/internal/handlers/subscription.go:40.3,40.31 1 0
github.com/school-crm/backend/internal/handlers/subscription.go:45.126,46.30 1 0
github.com/school-crm/backend/internal/handlers/subscription.go:46.30,48.14 2 0
github.com/school-crm/backend/internal/handlers/subscription.go:48.14,51.4 2 0
github.com/school-crm/backend/internal/handlers/subscription.go:53.3,54.17 2 0
github.com/school-crm/backend/internal/handlers/subscription.go:54.17,57.4 2 0
github.com/school-crm/backend/internal/handlers/subscription.go:58.3,58.17 1 0
github.com/school-crm/backend/internal/handlers/subscription.go:58.17,61.4 2 0
github.com/school-crm/backend/internal/handlers/subscription.go:62.3,62.29 1 0
github.com/school-crm/backend/internal/handlers/subscription.go:67.96,68.30 1 0
github.com/school-crm/backend/internal/handlers/subscription.go:68.30,71.17 3 0
github.com/school-crm/backend/internal/handlers/subscription.go:71.17,74.4 2 0
github.com/school-crm/backend/internal/handlers/subscription.go:75.3,75.18 1 0
github.com/school-crm/backend/internal/handlers/subscription.go:75.18,78.4 2 0
github.com/school-crm/backend/internal/handlers/subscription.go:79.3,79.30 1 0
github.com/school-crm/backend/internal/handlers/subscription.go:84.97,85.30 1 0
github.com/school-crm/backend/internal/handlers/subscription.go:85.30,92.48 4 0
github.com/school-crm/backend/internal/handlers/subscription.go:92.48,95.4 2 0
github.com/school-crm/backend/internal/handlers/subscription.go:98.3,99.59 2 0
github.com/school-crm/backend/internal/handlers/subscription.go:99.59,102.4 2 0
github.com/school-crm/backend/internal/handlers/subscription.go:104.3,104.119 1 0
github.com/school-crm/backend/internal/handlers/subscription.go:104.119,107.4 2 0
github.com/school-crm/backend/internal/handlers/subscription.go:108.3,108.73 1 0
github.com/school-crm/backend/internal/handlers/subscription.go:124.125,125.30 1 0
github.com/school-crm/backend/internal/handlers/subscription.go:125.30,127.14 2 0
github.com/school-crm/backend/internal/handlers/subscription.go:127.14,130.4 2 0
github.com/school-crm/backend/internal/handlers/subscription.go:132.3,133.48 2 0
github.com/school-crm/backend/internal/handlers/subscription.go:133.48,136.4 2 0
github.com/school-crm/backend/internal/handlers/subscription.go:139.3,140.17 2 0
github.com/school-crm/backend/internal/handlers/subscription.go:140.17,143.4 2 0
github.com/school-crm/backend/internal/handlers/subscription.go:145.3,146.24 2 0
github.com/school-crm/backend/internal/handlers/subscription.go:146.24,147.33 1 0
github.com/school-crm/backend/internal/handlers/subscription.go:147.33,149.10 2 0
github.com/school-crm/backend/internal/handlers/subscription.go:153.3,153.18 1 0
github.com/school-crm/backend/internal/handlers/subscription.go:153.18,156.4 2 0
github.com/school-crm/backend/internal/handlers/subscription.go:158.3,161.21 3 0
github.com/school-crm/backend/internal/handlers/subscription.go:161.21,163.4 1 0
github.com/school-crm/backend/internal/handlers/subscription.go:165.3,175.99 2 0
github.com/school-crm/backend/internal/handlers/subscription.go:175.99,178.4 2 0
github.com/school-crm/backend/internal/handlers/subscription.go:180.3,185.21 2 0
github.com/school-crm/backend/internal/handlers/subscription.go:185.21,188.4 2 0
github.com/school-crm/backend/internal/handlers/subscription.go:190.3,190.39 1 0
github.com/school-crm/backend/internal/handlers/subscription.go:204.125,205.30 1 0
github.com/school-crm/backend/internal/handlers/subscription.go:205.30,207.14 2 0
github.com/school-crm/backend/internal/handlers/subscription.go:207.14,210.4 2 0
github.com/school-crm/backend/internal/handlers/subscription.go:213.3,214.56 2 0
github.com/school-crm/backend/internal/handlers/subscription.go:214.56,217.4 2 0
github.com/school-crm/backend/internal/handlers/subscription.go:219.3,220.27 2 0
github.com/school-crm/backend/internal/handlers/subscription.go:220.27,223.4 2 0
github.com/school-crm/backend/internal/handlers/subscription.go:225.3,225.118 1 0
github.com/school-crm/backend/internal/handlers/subscription.go:225.118,228.4 2 0
github.com/school-crm/backend/internal/handlers/subscription.go:230.3,230.81 1 0
github.com/school-crm/backend/internal/handlers/subscription.go:243.93,244.30 1 0
github.com/school-crm/backend/internal/handlers/subscription.go:244.30,246.27 2 0
github.com/school-crm/backend/internal/handlers/subscription.go:246.27,249.4 2 0
github.com/school-crm/backend/internal/handlers/subscription.go:251.3,252.17 2 0
github.com/school-crm/backend/internal/handlers/subscription.go:252.17,255.4 2 0
github.com/school-crm/backend/internal/handlers/subscription.go:257.3,257.19 1 0
github.com/school-crm/backend/internal/handlers/subscription.go:257.19,259.4 1 0
github.com/school-crm/backend/internal/handlers/subscription.go:261.3,261.31 1 0
github.com/school-crm/backend/internal/handlers/subscription.go:274.96,275.30 1 0
github.com/school-crm/backend/internal/handlers/subscription.go:275.30,277.27 2 0
github.com/school-crm/backend/internal/handlers/subscription.go:277.27,280.4 2 0
github.com/school-crm/backend/internal/handlers/subscription.go:282.3,283.17 2 0
github.com/school-crm/backend/internal/handlers/subscription.go:283.17,286.4 2 0
github.com/school-crm/backend/internal/handlers/subscription.go:288.3,288.22 1 0
github.com/school-crm/backend/internal/handlers/subscription.go:288.22,290.4 1 0
github.com/school-crm/backend/internal/handlers/subscription.go:292.3,292.34 1 0
github.com/school-crm/backend/internal/handlers/subscription.go:308.102,309.30 1 0
github.com/school-crm/backend/internal/handlers/subscription.go:309.30,311.49 2 0
github.com/school-crm/backend/internal/handlers/subscription.go:311.49,314.4 2 0
github.com/school-crm/backend/internal/handlers/subscription.go:317.3,317.96 1 0
github.com/school-crm/backend/internal/handlers/subscription.go:317.96,320.4 2 0
github.com/school-crm/backend/internal/handlers/subscription.go:322.3,322.35 1 0
github.com/school-crm/backend/internal/handlers/subscription.go:338.102,339.30 1 0
github.com/school-crm/backend/internal/handlers/subscription.go:339.30,341.19 2 0
github.com/school-crm/backend/internal/handlers/subscription.go:341.19,344.4 2 0
github.com/school-crm/backend/internal/handlers/subscription.go:346.3,347.49 2 0
github.com/school-crm/backend/internal/handlers/subscription.go:347.49,350.4 2 0
github.com/school-crm/backend/internal/handlers/subscription.go:352.3,353.96 2 0
github.com/school-crm/backend/internal/handlers/subscription.go:353.96,356.4 2 0
github.com/school-crm/backend/internal/handlers/subscription.go:358.3,358.30 1 0
github.com/school-crm/backend/internal/handlers/subscription.go:372.102,373.30 1 0
github.com/school-crm/backend/internal/handlers/subscription.go:373.30,375.19 2 0
github.com/school-crm/backend/internal/handlers/subscription.go:375.19,378.4 2 0
github.com/school-crm/backend/internal/handlers/subscription.go:380.3,380.97 1 0
github.com/school-crm/backend/internal/handlers/subscription.go:380.97,383.4 2 0
github.com/school-crm/backend/internal/handlers/subscription.go:385.3,385.84 1 0
github.com/school-crm/backend/internal/handlers/subscription.go:391.115,395.2 3 0
github.com/school-crm/backend/internal/handlers/subscription.go:400.95,401.30 1 0
github.com/school-crm/backend/internal/handlers/subscription.go:401.30,403.19 2 0
github.com/school-crm/backend/internal/handlers/subscription.go:403.19,406.4 2 0
github.com/school-crm/backend/internal/handlers/subscription.go:407.3,412.20 3 0
github.com/school-crm/backend/internal/handlers/subscription.go:412.20,414.4 1 0
github.com/school-crm/backend/internal/handlers/subscription.go:415.3,415.22 1 0
github.com/school-crm/backend/internal/handlers/subscription.go:415.22,417.4 1 0
github.com/school-crm/backend/internal/handlers/subscription.go:418.3,419.17 2 0
github.com/school-crm/backend/internal/handlers/subscription.go:419.17,422.4 2 0
github.com/school-crm/backend/internal/handlers/subscription.go:423.3,423.34 1 0
github.com/school-crm/backend/internal/handlers/subscription.go:428.108,431.2 2 0
github.com/school-crm/backend/internal/handlers/subscription.go:435.151,442.2 6 0
github.com/school-crm/backend/internal/handlers/teacher.go:11.127,19.2 6 0
github.com/school-crm/backend/internal/handlers/teacher.go:21.76,22.30 1 0
github.com/school-crm/backend/internal/handlers/teacher.go:22.30,24.48 2 0
github.com/school-crm/backend/internal/handlers/teacher.go:24.48,27.4 2 0
github.com/school-crm/backend/internal/handlers/teacher.go:29.3,30.17 2 0
github.com/school-crm/backend/internal/handlers/teacher.go:30.17,33.4 2 0
github.com/school-crm/backend/internal/handlers/teacher.go:35.3,35.38 1 0
github.com/school-crm/backend/internal/handlers/teacher.go:39.73,40.30 1 0
github.com/school-crm/backend/internal/handlers/teacher.go:40.30,43.17 3 0
github.com/school-crm/backend/internal/handlers/teacher.go:43.17,46.4 2 0
github.com/school-crm/backend/internal/handlers/teacher.go:47.3,47.33 1 0
github.com/school-crm/backend/internal/handlers/teacher.go:51.75,52.30 1 0
github.com/school-crm/backend/internal/handlers/teacher.go:52.30,54.21 2 0
github.com/school-crm/backend/internal/handlers/teacher.go:54.21,57.4 2 0
github.com/school-crm/backend/internal/handlers/teacher.go:59.3,60.17 2 0
github.com/school-crm/backend/internal/handlers/teacher.go:60.17,63.4 2 0
github.com/school-crm/backend/internal/handlers/teacher.go:65.3,65.34 1 0
github.com/school-crm/backend/internal/handlers/teacher.go:69.76,70.30 1 0
github.com/school-crm/backend/internal/handlers/teacher.go:70.30,74.52 3 0
github.com/school-crm/backend/internal/handlers/teacher.go:74.52,77.4 2 0
github.com/school-crm/backend/internal/handlers/teacher.go:79.3,80.17 2 0
github.com/school-crm/backend/internal/handlers/teacher.go:80.17,83.4 2 0
github.com/school-crm/backend/internal/handlers/teacher.go:85.3,85.33 1 0
github.com/school-crm/backend/internal/handlers/teacher.go:89.76,90.30 1 0
github.com/school-crm/backend/internal/handlers/teacher.go:90.30,93.72 2 0
github.com/school-crm/backend/internal/handlers/teacher.go:93.72,96.4 2 0
github.com/school-crm/backend/internal/handlers/teacher.go:98.3,98.61 1 0
github.com/school-crm/backend/internal/handlers/teacher_portal.go:19.3,23.2 3 0
github.com/school-crm/backend/internal/handlers/teacher_portal.go:25.74,26.30 1 0
github.com/school-crm/backend/internal/handlers/teacher_portal.go:26.30,28.17 2 0
github.com/school-crm/backend/internal/handlers/teacher_portal.go:28.17,31.4 2 0
github.com/school-crm/backend/internal/handlers/teacher_portal.go:33.3,34.17 2 0
github.com/school-crm/backend/internal/handlers/teacher_portal.go:34.17,37.4 2 0
github.com/school-crm/backend/internal/handlers/teacher_portal.go:38.3,38.30 1 0
github.com/school-crm/backend/internal/handlers/teacher_portal.go:42.73,43.30 1 0
github.com/school-crm/backend/internal/handlers/teacher_portal.go:43.30,49.49 3 0
github.com/school-crm/backend/internal/handlers/teacher_portal.go:49.49,52.4 2 0
github.com/school-crm/backend/internal/handlers/teacher_portal.go:54.3,54.92 1 0
github.com/school-crm/backend/internal/handlers/teacher_portal.go:54.92,57.4 2 0
github.com/school-crm/backend/internal/handlers/teacher_portal.go:58.3,58.48 1 0
github.com/school-crm/backend/internal/handlers/telegram_payment.go:23.145,24.30 1 0
github.com/school-crm/backend/internal/handlers/telegram_payment.go:24.30,26.14 2 0
github.com/school-crm/backend/internal/handlers/telegram_payment.go:26.14,29.4 2 0
github.com/school-crm/backend/internal/handlers/telegram_payment.go:31.3,32.27 2 0
github.com/school-crm/backend/internal/handlers/telegram_payment.go:32.27,35.4 2 0
github.com/school-crm/backend/internal/handlers/telegram_payment.go:38.3,39.77 2 0
github.com/school-crm/backend/internal/handlers/telegram_payment.go:39.77,42.4 2 0
github.com/school-crm/backend/internal/handlers/telegram_payment.go:45.3,46.17 2 0
github.com/school-crm/backend/internal/handlers/telegram_payment.go:46.17,49.4 2 0
github.com/school-crm/backend/internal/handlers/telegram_payment.go:51.3,52.30 2 0
github.com/school-crm/backend/internal/handlers/telegram_payment.go:52.30,53.38 1 0
github.com/school-crm/backend/internal/handlers/telegram_payment.go:53.38,55.10 2 0
github.com/school-crm/backend/internal/handlers/telegram_payment.go:59.3,59.21 1 0
github.com/school-crm/backend/internal/handlers/telegram_payment.go:59.21,62.4 2 0
github.com/school-crm/backend/internal/handlers/telegram_payment.go:65.3,66.17 2 0
github.com/school-crm/backend/internal/handlers/telegram_payment.go:66.17,70.4 3 0
github.com/school-crm/backend/internal/handlers/telegram_payment.go:72.3,72.32 1 0
github.com/school-crm/backend/internal/handlers/telegram_payment.go:88.95,89.30 1 0
github.com/school-crm/backend/internal/handlers/telegram_payment.go:89.30,93.38 3 0
github.com/school-crm/backend/internal/handlers/telegram_payment.go:93.38,97.4 3 0
github.com/school-crm/backend/internal/handlers/telegram_payment.go:100.3,101.29 2 0
github.com/school-crm/backend/internal/handlers/telegram_payment.go:101.29,105.4 3 0
github.com/school-crm/backend/internal/handlers/telegram_payment.go:107.3,112.5 2 0
github.com/school-crm/backend/internal/handlers/telegram_payment.go:117.160,120.2 1 0
github.com/school-crm/backend/internal/handlers/telegram_payment.go:123.112,125.2 1 0
github.com/school-crm/backend/internal/handlers/user.go:14.84,22.2 7 0
github.com/school-crm/backend/internal/handlers/user.go:24.66,25.30 1 0
github.com/school-crm/backend/internal/handlers/user.go:25.30,30.21 4 0
github.com/school-crm/backend/internal/handlers/user.go:30.21,33.4 1 0
github.com/school-crm/backend/internal/handlers/user.go:33.9,36.4 1 0
github.com/school-crm/backend/internal/handlers/user.go:38.3,38.17 1 0
github.com/school-crm/backend/internal/handlers/user.go:38.17,41.4 2 0
github.com/school-crm/backend/internal/handlers/user.go:42.3,42.31 1 0
github.com/school-crm/backend/internal/handlers/user.go:46.67,47.30 1 0
github.com/school-crm/backend/internal/handlers/user.go:47.30,49.17 2 0
github.com/school-crm/backend/internal/handlers/user.go:49.17,52.4 2 0
github.com/school-crm/backend/internal/handlers/user.go:55.3,56.48 2 0
github.com/school-crm/backend/internal/handlers/user.go:56.48,59.4 2 0
github.com/school-crm/backend/internal/handlers/user.go:61.3,65.48 2 0
github.com/school-crm/backend/internal/handlers/user.go:65.48,68.4 2 0
github.com/school-crm/backend/internal/handlers/user.go:70.3,71.17 2 0
github.com/school-crm/backend/internal/handlers/user.go:71.17,74.4 2 0
github.com/school-crm/backend/internal/handlers/user.go:77.3,79.17 3 0
github.com/school-crm/backend/internal/handlers/user.go:79.17,82.4 2 0
github.com/school-crm/backend/internal/handlers/user.go:85.3,85.29 1 0
github.com/school-crm/backend/internal/handlers/user.go:85.29,88.23 2 0
github.com/school-crm/backend/internal/handlers/user.go:88.23,90.47 2 0
github.com/school-crm/backend/internal/handlers/user.go:90.47,93.6 2 0
github.com/school-crm/backend/internal/handlers/user.go:94.5,94.31 1 0
github.com/school-crm/backend/internal/handlers/user.go:96.4,97.18 2 0
github.com/school-crm/backend/internal/handlers/user.go:97.18,100.5 2 0
github.com/school-crm/backend/internal/handlers/user.go:103.3,103.35 1 0
github.com/school-crm/backend/internal/handlers/user.go:107.64,108.30 1 0
github.com/school-crm/backend/internal/handlers/user.go:108.30,111.17 3 0
github.com/school-crm/backend/internal/handlers/user.go:111.17,114.4 2 0
github.com/school-crm/backend/internal/handlers/user.go:115.3,115.30 1 0
github.com/school-crm/backend/internal/handlers/user.go:119.67,120.30 1 0
github.com/school-crm/backend/internal/handlers/user.go:120.30,123.17 3 0
github.com/school-crm/backend/internal/handlers/user.go:123.17,126.4 2 0
github.com/school-crm/backend/internal/handlers/user.go:129.3,130.74 2 0
github.com/school-crm/backend/internal/handlers/user.go:130.74,133.4 2 0
github.com/school-crm/backend/internal/handlers/user.go:135.3,136.52 2 0
github.com/school-crm/backend/internal/handlers/user.go:136.52,139.4 2 0
github.com/school-crm/backend/internal/handlers/user.go:141.3,144.17 3 0
github.com/school-crm/backend/internal/handlers/user.go:144.17,148.4 3 0
github.com/school-crm/backend/internal/handlers/user.go:150.3,151.30 2 0
github.com/school-crm/backend/internal/handlers/user.go:155.67,156.30 1 0
github.com/school-crm/backend/internal/handlers/user.go:156.30,159.17 3 0
github.com/school-crm/backend/internal/handlers/user.go:159.17,162.4 2 0
github.com/school-crm/backend/internal/handlers/user.go:165.3,166.48 2 0
github.com/school-crm/backend/internal/handlers/user.go:166.48,169.4 2 0
github.com/school-crm/backend/internal/handlers/user.go:171.3,171.69 1 0
github.com/school-crm/backend/internal/handlers/user.go:171.69,174.4 2 0
github.com/school-crm/backend/internal/handlers/user.go:176.3,176.58 1 0
github.com/school-crm/backend/internal/handlers/user.go:180.78,181.30 1 0
github.com/school-crm/backend/internal/handlers/user.go:181.30,184.17 3 0
github.com/school-crm/backend/internal/handlers/user.go:184.17,187.4 2 0
github.com/school-crm/backend/internal/handlers/user.go:190.3,191.48 2 0
github.com/school-crm/backend/internal/handlers/user.go:191.48,194.4 2 0
github.com/school-crm/backend/internal/handlers/user.go:196.3,197.52 2 0
github.com/school-crm/backend/internal/handlers/user.go:197.52,200.4 2 0
github.com/school-crm/backend/internal/handlers/user.go:203.3,207.17 4 0
github.com/school-crm/backend/internal/handlers/user.go:207.17,210.4 2 0
github.com/school-crm/backend/internal/handlers/user.go:212.3,212.37 1 0
github.com/school-crm/backend/internal/handlers/user.go:217.83,221.34 3 0
github.com/school-crm/backend/internal/handlers/user.go:221.34,227.3 3 0
github.com/school-crm/backend/internal/handlers/user.go:229.2,229.18 1 0
